{"meta": {"format": 3, "version": "7.6.1", "timestamp": "2026-03-14T23:04:49.744359", "branch_coverage": false, "show_contexts": false}, "files": {"app/api/router.py": {"executed_lines": [2, 6, 7, 8, 9, 11, 14, 15, 18, 21, 46, 91, 94, 99, 101, 104, 105, 106, 107, 110, 111, 112, 113, 114, 119, 120, 129, 130, 140, 141, 152, 153, 155], "summary": {"covered_lines": 32, "num_statements": 49, "percent_covered": 65.3061224489796, "percent_covered_display": "65", "missing_lines": 17, "excluded_lines": 0}, "missing_lines": [27, 28, 31, 32, 35, 36, 39, 40, 42, 115, 116, 122, 132, 133, 137, 143, 144], "excluded_lines": [], "functions": {"register_version_routers": {"executed_lines": [], "summary": {"covered_lines": 0, "num_statements": 9, "percent_covered": 0.0, "percent_covered_display": "0", "missing_lines": 9, "excluded_lines": 0}, "missing_lines": [27, 28, 31, 32, 35, 36, 39, 40, 42], "excluded_lines": []}, "create_api_router": {"executed_lines": [99, 101, 104, 105, 106, 107, 110, 111, 112, 113, 114, 119, 120, 129, 130, 140, 141, 152, 153, 155], "summary": {"covered_lines": 20, "num_statements": 22, "percent_covered": 90.9090909090909, "percent_covered_display": "91", "missing_lines": 2, "excluded_lines": 0}, "missing_lines": [115, 116], "excluded_lines": []}, "create_api_router.get_api_versions": {"executed_lines": [], "summary": {"covered_lines": 0, "num_statements": 1, "percent_covered": 0.0, "percent_covered_display": "0", "missing_lines": 1, "excluded_lines": 0}, "missing_lines": [122], "excluded_lines": []}, "create_api_router.get_version_info": {"executed_lines": [], "summary": {"covered_lines": 0, "num_statements": 3, "percent_covered": 0.0, "percent_covered_display": "0", "missing_lines": 3, "excluded_lines": 0}, "missing_lines": [132, 133, 137], "excluded_lines": []}, "create_api_router.get_v1_deprecation_notice": {"executed_lines": [], "summary": {"covered_lines": 0, "num_statements": 2, "percent_covered": 0.0, "percent_covered_display": "0", "missing_lines": 2, "excluded_lines": 0}, "missing_lines": [143, 144], "excluded_lines": []}, "": {"executed_lines": [2, 6, 7, 8, 9, 11, 14, 15, 18, 21, 46, 91, 94], "summary": {"covered_lines": 12, "num_statements": 12, "percent_covered": 100.0, "percent_covered_display": "100", "missing_lines": 0, "excluded_lines": 0}, "missing_lines": [], "excluded_lines": []}}, "classes": {"": {"executed_lines": [2, 6, 7, 8, 9, 11, 14, 15, 18, 21, 46, 91, 94, 99, 101, 104, 105, 106, 107, 110, 111, 112, 113, 114, 119, 120, 129, 130, 140, 141, 152, 153, 155], "summary": {"covered_lines": 32, "num_statements": 49, "percent_covered": 65.3061224489796, "percent_covered_display": "65", "missing_lines": 17, "excluded_lines": 0}, "missing_lines": [27, 28, 31, 32, 35, 36, 39, 40, 42, 115, 116, 122, 132, 133, 137, 143, 144], "excluded_lines": []}}}, "app/api/v1/__init__.py": {"executed_lines": [2, 5, 7, 13, 16, 17, 18, 19, 20, 21, 22, 23, 24], "summary": {"covered_lines": 12, "num_statements": 12, "percent_covered": 100.0, "percent_covered_display": "100", "missing_lines": 0, "excluded_lines": 0}, "missing_lines": [], "excluded_lines": [], "functions": {"": {"executed_lines": [2, 5, 7, 13, 16, 17, 18, 19, 20, 21, 22, 23, 24], "summary": {"covered_lines": 12, "num_statements": 12, "percent_covered": 100.0, "percent_covered_display": "100", "missing_lines": 0, "excluded_lines": 0}, "missing_lines": [], "excluded_lines": []}}, "classes": {"": {"executed_lines": [2, 5, 7, 13, 16, 17, 18, 19, 20, 21, 22, 23, 24], "summary": {"covered_lines": 12, "num_statements": 12, "percent_covered": 100.0, "percent_covered_display": "100", "missing_lines": 0, "excluded_lines": 0}, "missing_lines": [], "excluded_lines": []}}}, "app/api/v1/endpoints/auth.py": {"executed_lines": [2, 5, 6, 7, 8, 9, 10, 11, 12, 13, 14, 16, 17, 18, 25, 26, 27, 32, 33, 41, 44, 46, 48, 51, 54, 55, 56, 62, 119, 124, 130, 132, 133, 134, 137, 148, 149, 150, 152, 161, 164, 166, 168, 176, 179, 181, 184, 194, 195, 198, 199, 200, 201, 204, 206, 208, 209, 210, 211, 212, 213, 214, 215, 216, 218, 220, 223, 224, 272, 288, 289, 290, 296, 334, 335, 380, 383, 386, 424, 425, 431, 432, 435, 436, 440, 443, 444], "summary": {"covered_lines": 86, "num_statements": 139, "percent_covered": 61.8705035971223, "percent_covered_display": "62", "missing_lines": 53, "excluded_lines": 0}, "missing_lines": [47, 121, 153, 154, 155, 156, 169, 170, 171, 273, 274, 282, 283, 285, 299, 300, 306, 307, 310, 311, 317, 322, 323, 324, 327, 328, 329, 331, 389, 391, 393, 394, 395, 401, 402, 408, 409, 410, 413, 414, 419, 421, 450, 451, 452, 453, 454, 455, 456, 457, 459, 460, 462], "excluded_lines": [], "functions": {"mask_username": {"executed_lines": [46, 48], "summary": {"covered_lines": 2, "num_statements": 3, "percent_covered": 66.66666666666667, "percent_covered_display": "67", "missing_lines": 1, "excluded_lines": 0}, "missing_lines": [47], "excluded_lines": []}, "_cleanup_old_attempts": {"executed_lines": [], "summary": {"covered_lines": 0, "num_statements": 1, "percent_covered": 0.0, "percent_covered_display": "0", "missing_lines": 1, "excluded_lines": 0}, "missing_lines": [121], "excluded_lines": []}, "_check_and_record_login_attempt_atomic": {"executed_lines": [130, 132, 133, 134, 137, 148, 149, 150, 152, 161], "summary": {"covered_lines": 10, "num_statements": 14, "percent_covered": 71.42857142857143, "percent_covered_display": "71", "missing_lines": 4, "excluded_lines": 0}, "missing_lines": [153, 154, 155, 156], "excluded_lines": []}, "_check_login_attempts": {"executed_lines": [166, 168, 176], "summary": {"covered_lines": 3, "num_statements": 6, "percent_covered": 50.0, "percent_covered_display": "50", "missing_lines": 3, "excluded_lines": 0}, "missing_lines": [169, 170, 171], "excluded_lines": []}, "_record_login_attempt": {"executed_lines": [181], "summary": {"covered_lines": 1, "num_statements": 1, "percent_covered": 100.0, "percent_covered_display": "100", "missing_lines": 0, "excluded_lines": 0}, "missing_lines": [], "excluded_lines": []}, "validate_password_strength": {"executed_lines": [194, 195, 198, 199, 200, 201, 204, 206, 208, 209, 210, 211, 212, 213, 214, 215, 216, 218, 220], "summary": {"covered_lines": 19, "num_statements": 19, "percent_covered": 100.0, "percent_covered_display": "100", "missing_lines": 0, "excluded_lines": 0}, "missing_lines": [], "excluded_lines": []}, "register": {"executed_lines": [272, 288, 289, 290, 296], "summary": {"covered_lines": 5, "num_statements": 24, "percent_covered": 20.833333333333332, "percent_covered_display": "21", "missing_lines": 19, "excluded_lines": 0}, "missing_lines": [273, 274, 282, 283, 285, 299, 300, 306, 307, 310, 311, 317, 322, 323, 324, 327, 328, 329, 331], "excluded_lines": []}, "login": {"executed_lines": [380, 383, 386], "summary": {"covered_lines": 3, "num_statements": 17, "percent_covered": 17.647058823529413, "percent_covered_display": "18", "missing_lines": 14, "excluded_lines": 0}, "missing_lines": [389, 391, 393, 394, 395, 401, 402, 408, 409, 410, 413, 414, 419, 421], "excluded_lines": []}, "logout": {"executed_lines": [431, 432], "summary": {"covered_lines": 2, "num_statements": 2, "percent_covered": 100.0, "percent_covered_display": "100", "missing_lines": 0, "excluded_lines": 0}, "missing_lines": [], "excluded_lines": []}, "get_current_user_info": {"executed_lines": [440], "summary": {"covered_lines": 1, "num_statements": 1, "percent_covered": 100.0, "percent_covered_display": "100", "missing_lines": 0, "excluded_lines": 0}, "missing_lines": [], "excluded_lines": []}, "update_current_user": {"executed_lines": [], "summary": {"covered_lines": 0, "num_statements": 11, "percent_covered": 0.0, "percent_covered_display": "0", "missing_lines": 11, "excluded_lines": 0}, "missing_lines": [450, 451, 452, 453, 454, 455, 456, 457, 459, 460, 462], "excluded_lines": []}, "": {"executed_lines": [2, 5, 6, 7, 8, 9, 10, 11, 12, 13, 14, 16, 17, 18, 25, 26, 27, 32, 33, 41, 44, 51, 54, 55, 56, 62, 119, 124, 164, 179, 184, 223, 224, 334, 335, 424, 425, 435, 436, 443, 444], "summary": {"covered_lines": 40, "num_statements": 40, "percent_covered": 100.0, "percent_covered_display": "100", "missing_lines": 0, "excluded_lines": 0}, "missing_lines": [], "excluded_lines": []}}, "classes": {"": {"executed_lines": [2, 5, 6, 7, 8, 9, 10, 11, 12, 13, 14, 16, 17, 18, 25, 26, 27, 32, 33, 41, 44, 46, 48, 51, 54, 55, 56, 62, 119, 124, 130, 132, 133, 134, 137, 148, 149, 150, 152, 161, 164, 166, 168, 176, 179, 181, 184, 194, 195, 198, 199, 200, 201, 204, 206, 208, 209, 210, 211, 212, 213, 214, 215, 216, 218, 220, 223, 224, 272, 288, 289, 290, 296, 334, 335, 380, 383, 386, 424, 425, 431, 432, 435, 436, 440, 443, 444], "summary": {"covered_lines": 86, "num_statements": 139, "percent_covered": 61.8705035971223, "percent_covered_display": "62", "missing_lines": 53, "excluded_lines": 0}, "missing_lines": [47, 121, 153, 154, 155, 156, 169, 170, 171, 273, 274, 282, 283, 285, 299, 300, 306, 307, 310, 311, 317, 322, 323, 324, 327, 328, 329, 331, 389, 391, 393, 394, 395, 401, 402, 408, 409, 410, 413, 414, 419, 421, 450, 451, 452, 453, 454, 455, 456, 457, 459, 460, 462], "excluded_lines": []}}}, "app/api/v1/endpoints/bots.py": {"executed_lines": [2, 5, 6, 7, 8, 9, 10, 11, 13, 14, 15, 19, 24, 25, 26, 27, 37, 39, 42, 43, 93, 97, 100, 101, 107, 108, 117, 134, 144, 145, 156, 157, 158, 164, 175, 176, 177, 184, 204, 205, 206, 212, 226, 227, 228, 294, 295, 296, 322, 323, 324, 368, 369, 370, 413, 414, 415], "summary": {"covered_lines": 56, "num_statements": 165, "percent_covered": 33.93939393939394, "percent_covered_display": "34", "missing_lines": 109, "excluded_lines": 0}, "missing_lines": [98, 102, 104, 119, 120, 128, 129, 131, 146, 149, 150, 151, 153, 167, 169, 170, 172, 187, 189, 190, 193, 194, 195, 197, 198, 199, 201, 215, 217, 218, 220, 221, 223, 235, 238, 240, 241, 244, 245, 246, 247, 248, 251, 252, 254, 256, 259, 264, 266, 267, 268, 270, 271, 273, 274, 276, 277, 278, 279, 280, 282, 284, 285, 287, 302, 305, 307, 308, 310, 311, 312, 313, 315, 330, 333, 335, 336, 338, 339, 342, 344, 353, 355, 356, 357, 359, 364, 365, 376, 379, 381, 382, 385, 386, 392, 395, 407, 423, 426, 428, 429, 432, 433, 434, 435, 437, 438, 439, 449], "excluded_lines": [], "functions": {"get_bots": {"executed_lines": [93, 97, 100, 101], "summary": {"covered_lines": 4, "num_statements": 7, "percent_covered": 57.142857142857146, "percent_covered_display": "57", "missing_lines": 3, "excluded_lines": 0}, "missing_lines": [98, 102, 104], "excluded_lines": []}, "create_bot": {"executed_lines": [117, 134, 144, 145], "summary": {"covered_lines": 4, "num_statements": 14, "percent_covered": 28.571428571428573, "percent_covered_display": "29", "missing_lines": 10, "excluded_lines": 0}, "missing_lines": [119, 120, 128, 129, 131, 146, 149, 150, 151, 153], "excluded_lines": []}, "get_bot": {"executed_lines": [164], "summary": {"covered_lines": 1, "num_statements": 5, "percent_covered": 20.0, "percent_covered_display": "20", "missing_lines": 4, "excluded_lines": 0}, "missing_lines": [167, 169, 170, 172], "excluded_lines": []}, "update_bot": {"executed_lines": [184], "summary": {"covered_lines": 1, "num_statements": 11, "percent_covered": 9.090909090909092, "percent_covered_display": "9", "missing_lines": 10, "excluded_lines": 0}, "missing_lines": [187, 189, 190, 193, 194, 195, 197, 198, 199, 201], "excluded_lines": []}, "delete_bot": {"executed_lines": [212], "summary": {"covered_lines": 1, "num_statements": 7, "percent_covered": 14.285714285714286, "percent_covered_display": "14", "missing_lines": 6, "excluded_lines": 0}, "missing_lines": [215, 217, 218, 220, 221, 223], "excluded_lines": []}, "login_bot": {"executed_lines": [], "summary": {"covered_lines": 0, "num_statements": 31, "percent_covered": 0.0, "percent_covered_display": "0", "missing_lines": 31, "excluded_lines": 0}, "missing_lines": [235, 238, 240, 241, 244, 245, 246, 247, 248, 251, 252, 254, 256, 259, 264, 266, 267, 268, 270, 271, 273, 274, 276, 277, 278, 279, 280, 282, 284, 285, 287], "excluded_lines": []}, "logout_bot": {"executed_lines": [], "summary": {"covered_lines": 0, "num_statements": 9, "percent_covered": 0.0, "percent_covered_display": "0", "missing_lines": 9, "excluded_lines": 0}, "missing_lines": [302, 305, 307, 308, 310, 311, 312, 313, 315], "excluded_lines": []}, "refresh_bot_session": {"executed_lines": [], "summary": {"covered_lines": 0, "num_statements": 15, "percent_covered": 0.0, "percent_covered_display": "0", "missing_lines": 15, "excluded_lines": 0}, "missing_lines": [330, 333, 335, 336, 338, 339, 342, 344, 353, 355, 356, 357, 359, 364, 365], "excluded_lines": []}, "get_bot_inventory": {"executed_lines": [], "summary": {"covered_lines": 0, "num_statements": 9, "percent_covered": 0.0, "percent_covered_display": "0", "missing_lines": 9, "excluded_lines": 0}, "missing_lines": [376, 379, 381, 382, 385, 386, 392, 395, 407], "excluded_lines": []}, "get_bot_trades": {"executed_lines": [], "summary": {"covered_lines": 0, "num_statements": 12, "percent_covered": 0.0, "percent_covered_display": "0", "missing_lines": 12, "excluded_lines": 0}, "missing_lines": [423, 426, 428, 429, 432, 433, 434, 435, 437, 438, 439, 449], "excluded_lines": []}, "": {"executed_lines": [2, 5, 6, 7, 8, 9, 10, 11, 13, 14, 15, 19, 24, 25, 26, 27, 37, 39, 42, 43, 107, 108, 156, 157, 158, 175, 176, 177, 204, 205, 206, 226, 227, 228, 294, 295, 296, 322, 323, 324, 368, 369, 370, 413, 414, 415], "summary": {"covered_lines": 45, "num_statements": 45, "percent_covered": 100.0, "percent_covered_display": "100", "missing_lines": 0, "excluded_lines": 0}, "missing_lines": [], "excluded_lines": []}}, "classes": {"": {"executed_lines": [2, 5, 6, 7, 8, 9, 10, 11, 13, 14, 15, 19, 24, 25, 26, 27, 37, 39, 42, 43, 93, 97, 100, 101, 107, 108, 117, 134, 144, 145, 156, 157, 158, 164, 175, 176, 177, 184, 204, 205, 206, 212, 226, 227, 228, 294, 295, 296, 322, 323, 324, 368, 369, 370, 413, 414, 415], "summary": {"covered_lines": 56, "num_statements": 165, "percent_covered": 33.93939393939394, "percent_covered_display": "34", "missing_lines": 109, "excluded_lines": 0}, "missing_lines": [98, 102, 104, 119, 120, 128, 129, 131, 146, 149, 150, 151, 153, 167, 169, 170, 172, 187, 189, 190, 193, 194, 195, 197, 198, 199, 201, 215, 217, 218, 220, 221, 223, 235, 238, 240, 241, 244, 245, 246, 247, 248, 251, 252, 254, 256, 259, 264, 266, 267, 268, 270, 271, 273, 274, 276, 277, 278, 279, 280, 282, 284, 285, 287, 302, 305, 307, 308, 310, 311, 312, 313, 315, 330, 333, 335, 336, 338, 339, 342, 344, 353, 355, 356, 357, 359, 364, 365, 376, 379, 381, 382, 385, 386, 392, 395, 407, 423, 426, 428, 429, 432, 433, 434, 435, 437, 438, 439, 449], "excluded_lines": []}}}, "app/api/v1/endpoints/inventory.py": {"executed_lines": [2, 5, 6, 7, 8, 9, 10, 11, 13, 14, 15, 20, 21, 22, 23, 37, 38, 41, 42, 50, 52, 56, 57, 64, 70, 71, 173, 174, 241, 242, 243, 310, 311, 312, 318, 332, 333, 334, 364, 365, 366, 395, 396, 474, 475], "summary": {"covered_lines": 44, "num_statements": 223, "percent_covered": 19.730941704035875, "percent_covered_display": "20", "missing_lines": 179, "excluded_lines": 0}, "missing_lines": [53, 58, 60, 61, 62, 78, 79, 85, 86, 87, 88, 91, 93, 94, 97, 99, 100, 101, 103, 104, 113, 114, 115, 117, 124, 125, 128, 130, 131, 137, 139, 141, 144, 146, 147, 148, 150, 152, 161, 162, 164, 166, 167, 182, 183, 184, 190, 191, 192, 193, 196, 202, 204, 205, 210, 211, 217, 223, 226, 227, 229, 230, 231, 234, 235, 236, 238, 251, 252, 258, 259, 260, 261, 264, 270, 272, 273, 279, 282, 284, 285, 293, 294, 295, 296, 298, 299, 300, 303, 304, 305, 307, 321, 323, 324, 329, 341, 344, 346, 347, 353, 354, 355, 357, 358, 359, 361, 372, 375, 377, 378, 383, 384, 389, 390, 392, 404, 405, 406, 412, 413, 414, 415, 417, 418, 419, 422, 423, 424, 426, 433, 435, 436, 437, 438, 441, 447, 450, 451, 453, 455, 456, 457, 459, 468, 469, 471, 483, 484, 485, 491, 492, 493, 494, 496, 497, 498, 501, 502, 503, 505, 512, 514, 515, 516, 517, 519, 522, 523, 524, 525, 527, 529, 530, 531, 533, 542, 543, 545], "excluded_lines": [], "functions": {"get_inventory": {"executed_lines": [50, 52, 56, 57, 64], "summary": {"covered_lines": 5, "num_statements": 10, "percent_covered": 50.0, "percent_covered_display": "50", "missing_lines": 5, "excluded_lines": 0}, "missing_lines": [53, 58, 60, 61, 62], "excluded_lines": []}, "sync_inventory": {"executed_lines": [], "summary": {"covered_lines": 0, "num_statements": 38, "percent_covered": 0.0, "percent_covered_display": "0", "missing_lines": 38, "excluded_lines": 0}, "missing_lines": [78, 79, 85, 86, 87, 88, 91, 93, 94, 97, 99, 100, 101, 103, 104, 113, 114, 115, 117, 124, 125, 128, 130, 131, 137, 139, 141, 144, 146, 147, 148, 150, 152, 161, 162, 164, 166, 167], "excluded_lines": []}, "list_item": {"executed_lines": [], "summary": {"covered_lines": 0, "num_statements": 24, "percent_covered": 0.0, "percent_covered_display": "0", "missing_lines": 24, "excluded_lines": 0}, "missing_lines": [182, 183, 184, 190, 191, 192, 193, 196, 202, 204, 205, 210, 211, 217, 223, 226, 227, 229, 230, 231, 234, 235, 236, 238], "excluded_lines": []}, "unlist_item": {"executed_lines": [], "summary": {"covered_lines": 0, "num_statements": 25, "percent_covered": 0.0, "percent_covered_display": "0", "missing_lines": 25, "excluded_lines": 0}, "missing_lines": [251, 252, 258, 259, 260, 261, 264, 270, 272, 273, 279, 282, 284, 285, 293, 294, 295, 296, 298, 299, 300, 303, 304, 305, 307], "excluded_lines": []}, "get_inventory_item": {"executed_lines": [318], "summary": {"covered_lines": 1, "num_statements": 5, "percent_covered": 20.0, "percent_covered_display": "20", "missing_lines": 4, "excluded_lines": 0}, "missing_lines": [321, 323, 324, 329], "excluded_lines": []}, "update_inventory_item": {"executed_lines": [], "summary": {"covered_lines": 0, "num_statements": 11, "percent_covered": 0.0, "percent_covered_display": "0", "missing_lines": 11, "excluded_lines": 0}, "missing_lines": [341, 344, 346, 347, 353, 354, 355, 357, 358, 359, 361], "excluded_lines": []}, "delete_inventory_item": {"executed_lines": [], "summary": {"covered_lines": 0, "num_statements": 9, "percent_covered": 0.0, "percent_covered_display": "0", "missing_lines": 9, "excluded_lines": 0}, "missing_lines": [372, 375, 377, 378, 383, 384, 389, 390, 392], "excluded_lines": []}, "batch_list_items": {"executed_lines": [], "summary": {"covered_lines": 0, "num_statements": 31, "percent_covered": 0.0, "percent_covered_display": "0", "missing_lines": 31, "excluded_lines": 0}, "missing_lines": [404, 405, 406, 412, 413, 414, 415, 417, 418, 419, 422, 423, 424, 426, 433, 435, 436, 437, 438, 441, 447, 450, 451, 453, 455, 456, 457, 459, 468, 469, 471], "excluded_lines": []}, "batch_unlist_items": {"executed_lines": [], "summary": {"covered_lines": 0, "num_statements": 32, "percent_covered": 0.0, "percent_covered_display": "0", "missing_lines": 32, "excluded_lines": 0}, "missing_lines": [483, 484, 485, 491, 492, 493, 494, 496, 497, 498, 501, 502, 503, 505, 512, 514, 515, 516, 517, 519, 522, 523, 524, 525, 527, 529, 530, 531, 533, 542, 543, 545], "excluded_lines": []}, "": {"executed_lines": [2, 5, 6, 7, 8, 9, 10, 11, 13, 14, 15, 20, 21, 22, 23, 37, 38, 41, 42, 70, 71, 173, 174, 241, 242, 243, 310, 311, 312, 332, 333, 334, 364, 365, 366, 395, 396, 474, 475], "summary": {"covered_lines": 38, "num_statements": 38, "percent_covered": 100.0, "percent_covered_display": "100", "missing_lines": 0, "excluded_lines": 0}, "missing_lines": [], "excluded_lines": []}}, "classes": {"": {"executed_lines": [2, 5, 6, 7, 8, 9, 10, 11, 13, 14, 15, 20, 21, 22, 23, 37, 38, 41, 42, 50, 52, 56, 57, 64, 70, 71, 173, 174, 241, 242, 243, 310, 311, 312, 318, 332, 333, 334, 364, 365, 366, 395, 396, 474, 475], "summary": {"covered_lines": 44, "num_statements": 223, "percent_covered": 19.730941704035875, "percent_covered_display": "20", "missing_lines": 179, "excluded_lines": 0}, "missing_lines": [53, 58, 60, 61, 62, 78, 79, 85, 86, 87, 88, 91, 93, 94, 97, 99, 100, 101, 103, 104, 113, 114, 115, 117, 124, 125, 128, 130, 131, 137, 139, 141, 144, 146, 147, 148, 150, 152, 161, 162, 164, 166, 167, 182, 183, 184, 190, 191, 192, 193, 196, 202, 204, 205, 210, 211, 217, 223, 226, 227, 229, 230, 231, 234, 235, 236, 238, 251, 252, 258, 259, 260, 261, 264, 270, 272, 273, 279, 282, 284, 285, 293, 294, 295, 296, 298, 299, 300, 303, 304, 305, 307, 321, 323, 324, 329, 341, 344, 346, 347, 353, 354, 355, 357, 358, 359, 361, 372, 375, 377, 378, 383, 384, 389, 390, 392, 404, 405, 406, 412, 413, 414, 415, 417, 418, 419, 422, 423, 424, 426, 433, 435, 436, 437, 438, 441, 447, 450, 451, 453, 455, 456, 457, 459, 468, 469, 471, 483, 484, 485, 491, 492, 493, 494, 496, 497, 498, 501, 502, 503, 505, 512, 514, 515, 516, 517, 519, 522, 523, 524, 525, 527, 529, 530, 531, 533, 542, 543, 545], "excluded_lines": []}}}, "app/api/v1/endpoints/items.py": {"executed_lines": [2, 5, 6, 7, 8, 10, 11, 12, 13, 14, 15, 16, 23, 24, 25, 27, 30, 33, 34, 91, 92, 93, 94, 96, 98, 100, 104, 105, 106, 108, 147, 148, 188, 191, 192, 196, 203, 218, 224, 225, 262, 264, 275, 276, 324, 327, 330, 358, 359, 412, 414, 452, 453, 493, 496, 497, 501, 503, 506, 508], "summary": {"covered_lines": 59, "num_statements": 118, "percent_covered": 50.0, "percent_covered_display": "50", "missing_lines": 59, "excluded_lines": 0}, "missing_lines": [95, 97, 99, 101, 109, 112, 113, 114, 117, 118, 119, 120, 121, 122, 124, 126, 127, 129, 132, 133, 136, 137, 139, 204, 206, 214, 215, 267, 269, 270, 272, 333, 334, 335, 338, 343, 344, 346, 348, 349, 351, 417, 419, 420, 423, 424, 426, 428, 429, 430, 431, 434, 435, 436, 437, 438, 440, 498, 502], "excluded_lines": [], "functions": {"get_items": {"executed_lines": [91, 92, 93, 94, 96, 98, 100, 104, 105, 106, 108], "summary": {"covered_lines": 11, "num_statements": 34, "percent_covered": 32.35294117647059, "percent_covered_display": "32", "missing_lines": 23, "excluded_lines": 0}, "missing_lines": [95, 97, 99, 101, 109, 112, 113, 114, 117, 118, 119, 120, 121, 122, 124, 126, 127, 129, 132, 133, 136, 137, 139], "excluded_lines": []}, "search_items": {"executed_lines": [188, 191, 192, 196, 203, 218], "summary": {"covered_lines": 6, "num_statements": 10, "percent_covered": 60.0, "percent_covered_display": "60", "missing_lines": 4, "excluded_lines": 0}, "missing_lines": [204, 206, 214, 215], "excluded_lines": []}, "get_item": {"executed_lines": [262, 264], "summary": {"covered_lines": 2, "num_statements": 6, "percent_covered": 33.333333333333336, "percent_covered_display": "33", "missing_lines": 4, "excluded_lines": 0}, "missing_lines": [267, 269, 270, 272], "excluded_lines": []}, "get_price_history": {"executed_lines": [324, 327, 330], "summary": {"covered_lines": 3, "num_statements": 13, "percent_covered": 23.076923076923077, "percent_covered_display": "23", "missing_lines": 10, "excluded_lines": 0}, "missing_lines": [333, 334, 335, 338, 343, 344, 346, 348, 349, 351], "excluded_lines": []}, "get_price_overview": {"executed_lines": [412, 414], "summary": {"covered_lines": 2, "num_statements": 18, "percent_covered": 11.11111111111111, "percent_covered_display": "11", "missing_lines": 16, "excluded_lines": 0}, "missing_lines": [417, 419, 420, 423, 424, 426, 428, 429, 430, 431, 434, 435, 436, 437, 438, 440], "excluded_lines": []}, "get_items_batch": {"executed_lines": [493, 496, 497, 501, 503, 506, 508], "summary": {"covered_lines": 7, "num_statements": 9, "percent_covered": 77.77777777777777, "percent_covered_display": "78", "missing_lines": 2, "excluded_lines": 0}, "missing_lines": [498, 502], "excluded_lines": []}, "": {"executed_lines": [2, 5, 6, 7, 8, 10, 11, 12, 13, 14, 15, 16, 23, 24, 25, 27, 30, 33, 34, 147, 148, 224, 225, 275, 276, 358, 359, 452, 453], "summary": {"covered_lines": 28, "num_statements": 28, "percent_covered": 100.0, "percent_covered_display": "100", "missing_lines": 0, "excluded_lines": 0}, "missing_lines": [], "excluded_lines": []}}, "classes": {"": {"executed_lines": [2, 5, 6, 7, 8, 10, 11, 12, 13, 14, 15, 16, 23, 24, 25, 27, 30, 33, 34, 91, 92, 93, 94, 96, 98, 100, 104, 105, 106, 108, 147, 148, 188, 191, 192, 196, 203, 218, 224, 225, 262, 264, 275, 276, 324, 327, 330, 358, 359, 412, 414, 452, 453, 493, 496, 497, 501, 503, 506, 508], "summary": {"covered_lines": 59, "num_statements": 118, "percent_covered": 50.0, "percent_covered_display": "50", "missing_lines": 59, "excluded_lines": 0}, "missing_lines": [95, 97, 99, 101, 109, 112, 113, 114, 117, 118, 119, 120, 121, 122, 124, 126, 127, 129, 132, 133, 136, 137, 139, 204, 206, 214, 215, 267, 269, 270, 272, 333, 334, 335, 338, 343, 344, 346, 348, 349, 351, 417, 419, 420, 423, 424, 426, 428, 429, 430, 431, 434, 435, 436, 437, 438, 440, 498, 502], "excluded_lines": []}}}, "app/api/v1/endpoints/market.py": {"executed_lines": [2, 6, 7, 8, 9, 10, 12, 13, 14, 15, 16, 17, 18, 20, 21, 26, 27, 28, 29, 30, 33, 34, 35, 36, 37, 38, 39, 42, 43, 44, 47, 48, 49, 50, 51, 54, 55, 56, 57, 58, 59, 60, 61, 62, 65, 66, 67, 68, 69, 74, 106, 107, 227, 228, 293, 294, 352, 353], "summary": {"covered_lines": 51, "num_statements": 131, "percent_covered": 38.93129770992366, "percent_covered_display": "39", "missing_lines": 80, "excluded_lines": 0}, "missing_lines": [80, 86, 88, 90, 91, 95, 97, 117, 118, 124, 130, 132, 133, 138, 139, 144, 145, 151, 153, 154, 159, 161, 168, 170, 173, 180, 183, 185, 187, 196, 203, 206, 208, 209, 211, 219, 220, 221, 239, 246, 248, 249, 254, 257, 258, 264, 265, 267, 268, 269, 274, 275, 277, 278, 281, 282, 284, 286, 304, 307, 310, 319, 320, 321, 324, 325, 326, 328, 329, 331, 332, 333, 335, 345, 361, 369, 371, 372, 377, 379], "excluded_lines": [], "functions": {"get_user_steam_trade": {"executed_lines": [], "summary": {"covered_lines": 0, "num_statements": 7, "percent_covered": 0.0, "percent_covered_display": "0", "missing_lines": 7, "excluded_lines": 0}, "missing_lines": [80, 86, 88, 90, 91, 95, 97], "excluded_lines": []}, "create_market_listing": {"executed_lines": [], "summary": {"covered_lines": 0, "num_statements": 31, "percent_covered": 0.0, "percent_covered_display": "0", "missing_lines": 31, "excluded_lines": 0}, "missing_lines": [117, 118, 124, 130, 132, 133, 138, 139, 144, 145, 151, 153, 154, 159, 161, 168, 170, 173, 180, 183, 185, 187, 196, 203, 206, 208, 209, 211, 219, 220, 221], "excluded_lines": []}, "cancel_market_listing": {"executed_lines": [], "summary": {"covered_lines": 0, "num_statements": 20, "percent_covered": 0.0, "percent_covered_display": "0", "missing_lines": 20, "excluded_lines": 0}, "missing_lines": [239, 246, 248, 249, 254, 257, 258, 264, 265, 267, 268, 269, 274, 275, 277, 278, 281, 282, 284, 286], "excluded_lines": []}, "get_my_listings": {"executed_lines": [], "summary": {"covered_lines": 0, "num_statements": 16, "percent_covered": 0.0, "percent_covered_display": "0", "missing_lines": 16, "excluded_lines": 0}, "missing_lines": [304, 307, 310, 319, 320, 321, 324, 325, 326, 328, 329, 331, 332, 333, 335, 345], "excluded_lines": []}, "get_listing_detail": {"executed_lines": [], "summary": {"covered_lines": 0, "num_statements": 6, "percent_covered": 0.0, "percent_covered_display": "0", "missing_lines": 6, "excluded_lines": 0}, "missing_lines": [361, 369, 371, 372, 377, 379], "excluded_lines": []}, "": {"executed_lines": [2, 6, 7, 8, 9, 10, 12, 13, 14, 15, 16, 17, 18, 20, 21, 26, 27, 28, 29, 30, 33, 34, 35, 36, 37, 38, 39, 42, 43, 44, 47, 48, 49, 50, 51, 54, 55, 56, 57, 58, 59, 60, 61, 62, 65, 66, 67, 68, 69, 74, 106, 107, 227, 228, 293, 294, 352, 353], "summary": {"covered_lines": 51, "num_statements": 51, "percent_covered": 100.0, "percent_covered_display": "100", "missing_lines": 0, "excluded_lines": 0}, "missing_lines": [], "excluded_lines": []}}, "classes": {"CreateListingRequest": {"executed_lines": [], "summary": {"covered_lines": 0, "num_statements": 0, "percent_covered": 100.0, "percent_covered_display": "100", "missing_lines": 0, "excluded_lines": 0}, "missing_lines": [], "excluded_lines": []}, "CreateListingResponse": {"executed_lines": [], "summary": {"covered_lines": 0, "num_statements": 0, "percent_covered": 100.0, "percent_covered_display": "100", "missing_lines": 0, "excluded_lines": 0}, "missing_lines": [], "excluded_lines": []}, "CancelListingRequest": {"executed_lines": [], "summary": {"covered_lines": 0, "num_statements": 0, "percent_covered": 100.0, "percent_covered_display": "100", "missing_lines": 0, "excluded_lines": 0}, "missing_lines": [], "excluded_lines": []}, "CancelListingResponse": {"executed_lines": [], "summary": {"covered_lines": 0, "num_statements": 0, "percent_covered": 100.0, "percent_covered_display": "100", "missing_lines": 0, "excluded_lines": 0}, "missing_lines": [], "excluded_lines": []}, "MyListingItem": {"executed_lines": [], "summary": {"covered_lines": 0, "num_statements": 0, "percent_covered": 100.0, "percent_covered_display": "100", "missing_lines": 0, "excluded_lines": 0}, "missing_lines": [], "excluded_lines": []}, "MyListingsResponse": {"executed_lines": [], "summary": {"covered_lines": 0, "num_statements": 0, "percent_covered": 100.0, "percent_covered_display": "100", "missing_lines": 0, "excluded_lines": 0}, "missing_lines": [], "excluded_lines": []}, "": {"executed_lines": [2, 6, 7, 8, 9, 10, 12, 13, 14, 15, 16, 17, 18, 20, 21, 26, 27, 28, 29, 30, 33, 34, 35, 36, 37, 38, 39, 42, 43, 44, 47, 48, 49, 50, 51, 54, 55, 56, 57, 58, 59, 60, 61, 62, 65, 66, 67, 68, 69, 74, 106, 107, 227, 228, 293, 294, 352, 353], "summary": {"covered_lines": 51, "num_statements": 131, "percent_covered": 38.93129770992366, "percent_covered_display": "39", "missing_lines": 80, "excluded_lines": 0}, "missing_lines": [80, 86, 88, 90, 91, 95, 97, 117, 118, 124, 130, 132, 133, 138, 139, 144, 145, 151, 153, 154, 159, 161, 168, 170, 173, 180, 183, 185, 187, 196, 203, 206, 208, 209, 211, 219, 220, 221, 239, 246, 248, 249, 254, 257, 258, 264, 265, 267, 268, 269, 274, 275, 277, 278, 281, 282, 284, 286, 304, 307, 310, 319, 320, 321, 324, 325, 326, 328, 329, 331, 332, 333, 335, 345, 361, 369, 371, 372, 377, 379], "excluded_lines": []}}}, "app/api/v1/endpoints/monitoring.py": {"executed_lines": [2, 5, 6, 7, 8, 9, 10, 11, 13, 15, 17, 21, 22, 24, 26, 28, 30, 32, 34, 35, 44, 47, 54, 57, 58, 60, 61, 62, 63, 64, 65, 66, 68, 69, 81, 82, 85, 87, 89, 90, 91, 92, 93, 94, 95, 96, 98, 100, 101, 104, 105, 107, 109, 112, 113, 115, 117, 118, 119, 121, 125, 130, 135, 139, 142, 145, 146, 147, 149, 150, 153, 157, 159, 160, 163, 164, 166, 167, 169, 170, 177, 187, 188, 198, 199, 200, 201, 203, 211, 221, 222, 223, 224, 225, 233, 235, 238, 239, 240, 241, 242, 243, 244, 245, 247, 248, 251, 252, 253, 254, 255, 258, 261, 262, 263, 265, 283, 285, 286, 287, 288, 289, 293, 296, 303, 305, 308, 311, 312, 313, 319, 320, 321, 323, 328, 329, 336, 342, 343, 344, 345, 350, 360, 361, 362, 363, 364, 365, 374, 375, 376, 378, 387, 388, 390, 391, 393, 394, 395, 397, 400, 401, 414, 417, 418, 424, 431, 432, 447, 449, 450, 451, 453, 455, 458, 464, 465, 467, 468, 473, 474, 531, 532, 567, 568, 587, 588], "summary": {"covered_lines": 183, "num_statements": 246, "percent_covered": 74.39024390243902, "percent_covered_display": "74", "missing_lines": 63, "excluded_lines": 0}, "missing_lines": [122, 131, 132, 136, 137, 154, 155, 178, 189, 204, 212, 298, 314, 315, 316, 351, 352, 353, 357, 366, 367, 371, 377, 379, 380, 384, 452, 454, 456, 480, 483, 486, 487, 489, 490, 491, 494, 495, 497, 509, 514, 515, 516, 517, 518, 519, 521, 539, 542, 543, 546, 547, 548, 551, 552, 554, 575, 578, 579, 581, 590, 593, 595], "excluded_lines": [], "functions": {"AlertConfig.__init__": {"executed_lines": [26, 28, 30, 32], "summary": {"covered_lines": 4, "num_statements": 4, "percent_covered": 100.0, "percent_covered_display": "100", "missing_lines": 0, "excluded_lines": 0}, "missing_lines": [], "excluded_lines": []}, "AlertConfig.to_dict": {"executed_lines": [35], "summary": {"covered_lines": 1, "num_statements": 1, "percent_covered": 100.0, "percent_covered_display": "100", "missing_lines": 0, "excluded_lines": 0}, "missing_lines": [], "excluded_lines": []}, "get_alert_config": {"executed_lines": [54], "summary": {"covered_lines": 1, "num_statements": 1, "percent_covered": 100.0, "percent_covered_display": "100", "missing_lines": 0, "excluded_lines": 0}, "missing_lines": [], "excluded_lines": []}, "Alert.__init__": {"executed_lines": [61, 62, 63, 64, 65, 66], "summary": {"covered_lines": 6, "num_statements": 6, "percent_covered": 100.0, "percent_covered_display": "100", "missing_lines": 0, "excluded_lines": 0}, "missing_lines": [], "excluded_lines": []}, "Alert.to_dict": {"executed_lines": [69], "summary": {"covered_lines": 1, "num_statements": 1, "percent_covered": 100.0, "percent_covered_display": "100", "missing_lines": 0, "excluded_lines": 0}, "missing_lines": [], "excluded_lines": []}, "MetricsCollector.__init__": {"executed_lines": [90, 91, 92, 93, 94, 95, 96], "summary": {"covered_lines": 7, "num_statements": 7, "percent_covered": 100.0, "percent_covered_display": "100", "missing_lines": 0, "excluded_lines": 0}, "missing_lines": [], "excluded_lines": []}, "MetricsCollector.record_api_call": {"executed_lines": [100, 101, 104, 105], "summary": {"covered_lines": 4, "num_statements": 4, "percent_covered": 100.0, "percent_covered_display": "100", "missing_lines": 0, "excluded_lines": 0}, "missing_lines": [], "excluded_lines": []}, "MetricsCollector._cleanup_old_records": {"executed_lines": [109, 112, 113, 115, 117, 118, 119, 121, 125, 130, 135], "summary": {"covered_lines": 11, "num_statements": 16, "percent_covered": 68.75, "percent_covered_display": "69", "missing_lines": 5, "excluded_lines": 0}, "missing_lines": [122, 131, 132, 136, 137], "excluded_lines": []}, "MetricsCollector.record_response_time": {"executed_lines": [142, 145, 146, 147, 149, 150, 153], "summary": {"covered_lines": 7, "num_statements": 9, "percent_covered": 77.77777777777777, "percent_covered_display": "78", "missing_lines": 2, "excluded_lines": 0}, "missing_lines": [154, 155], "excluded_lines": []}, "MetricsCollector.check_alerts": {"executed_lines": [159, 160, 163, 164, 166, 167, 169, 170, 177, 187, 188, 198, 199, 200, 201, 203, 211, 221, 222, 223, 224, 225, 233], "summary": {"covered_lines": 23, "num_statements": 27, "percent_covered": 85.18518518518519, "percent_covered_display": "85", "missing_lines": 4, "excluded_lines": 0}, "missing_lines": [178, 189, 204, 212], "excluded_lines": []}, "MetricsCollector.get_metrics": {"executed_lines": [238, 239, 240, 241, 242, 243, 244, 245, 247, 248, 251, 252, 253, 254, 255, 258, 261, 262, 263, 265], "summary": {"covered_lines": 20, "num_statements": 20, "percent_covered": 100.0, "percent_covered_display": "100", "missing_lines": 0, "excluded_lines": 0}, "missing_lines": [], "excluded_lines": []}, "MetricsCollector.reset": {"executed_lines": [285, 286, 287, 288, 289], "summary": {"covered_lines": 5, "num_statements": 5, "percent_covered": 100.0, "percent_covered_display": "100", "missing_lines": 0, "excluded_lines": 0}, "missing_lines": [], "excluded_lines": []}, "get_metrics_collector": {"executed_lines": [], "summary": {"covered_lines": 0, "num_statements": 1, "percent_covered": 0.0, "percent_covered_display": "0", "missing_lines": 1, "excluded_lines": 0}, "missing_lines": [298], "excluded_lines": []}, "metrics_middleware": {"executed_lines": [305, 308, 311, 312, 313, 319, 320, 321, 323], "summary": {"covered_lines": 9, "num_statements": 12, "percent_covered": 75.0, "percent_covered_display": "75", "missing_lines": 3, "excluded_lines": 0}, "missing_lines": [314, 315, 316], "excluded_lines": []}, "health_check": {"executed_lines": [336, 342, 343, 344, 345, 350, 360, 361, 362, 363, 364, 365, 374, 375, 376, 378, 387, 388, 390, 391, 393, 394, 395, 397], "summary": {"covered_lines": 24, "num_statements": 35, "percent_covered": 68.57142857142857, "percent_covered_display": "69", "missing_lines": 11, "excluded_lines": 0}, "missing_lines": [351, 352, 353, 357, 366, 367, 371, 377, 379, 380, 384], "excluded_lines": []}, "get_metrics": {"executed_lines": [414], "summary": {"covered_lines": 1, "num_statements": 1, "percent_covered": 100.0, "percent_covered_display": "100", "missing_lines": 0, "excluded_lines": 0}, "missing_lines": [], "excluded_lines": []}, "get_alerts": {"executed_lines": [424], "summary": {"covered_lines": 1, "num_statements": 1, "percent_covered": 100.0, "percent_covered_display": "100", "missing_lines": 0, "excluded_lines": 0}, "missing_lines": [], "excluded_lines": []}, "update_alert_config": {"executed_lines": [447, 449, 450, 451, 453, 455, 458], "summary": {"covered_lines": 7, "num_statements": 10, "percent_covered": 70.0, "percent_covered_display": "70", "missing_lines": 3, "excluded_lines": 0}, "missing_lines": [452, 454, 456], "excluded_lines": []}, "reset_metrics": {"executed_lines": [467, 468], "summary": {"covered_lines": 2, "num_statements": 2, "percent_covered": 100.0, "percent_covered_display": "100", "missing_lines": 0, "excluded_lines": 0}, "missing_lines": [], "excluded_lines": []}, "get_circuit_breakers_status": {"executed_lines": [], "summary": {"covered_lines": 0, "num_statements": 18, "percent_covered": 0.0, "percent_covered_display": "0", "missing_lines": 18, "excluded_lines": 0}, "missing_lines": [480, 483, 486, 487, 489, 490, 491, 494, 495, 497, 509, 514, 515, 516, 517, 518, 519, 521], "excluded_lines": []}, "get_circuit_breaker_status": {"executed_lines": [], "summary": {"covered_lines": 0, "num_statements": 9, "percent_covered": 0.0, "percent_covered_display": "0", "missing_lines": 9, "excluded_lines": 0}, "missing_lines": [539, 542, 543, 546, 547, 548, 551, 552, 554], "excluded_lines": []}, "reset_circuit_breaker": {"executed_lines": [], "summary": {"covered_lines": 0, "num_statements": 4, "percent_covered": 0.0, "percent_covered_display": "0", "missing_lines": 4, "excluded_lines": 0}, "missing_lines": [575, 578, 579, 581], "excluded_lines": []}, "reset_all_circuit_breakers": {"executed_lines": [], "summary": {"covered_lines": 0, "num_statements": 3, "percent_covered": 0.0, "percent_covered_display": "0", "missing_lines": 3, "excluded_lines": 0}, "missing_lines": [590, 593, 595], "excluded_lines": []}, "": {"executed_lines": [2, 5, 6, 7, 8, 9, 10, 11, 13, 15, 17, 21, 22, 24, 34, 44, 47, 57, 58, 60, 68, 81, 82, 85, 87, 89, 98, 107, 139, 157, 235, 283, 293, 296, 303, 328, 329, 400, 401, 417, 418, 431, 432, 464, 465, 473, 474, 531, 532, 567, 568, 587, 588], "summary": {"covered_lines": 49, "num_statements": 49, "percent_covered": 100.0, "percent_covered_display": "100", "missing_lines": 0, "excluded_lines": 0}, "missing_lines": [], "excluded_lines": []}}, "classes": {"AlertConfig": {"executed_lines": [26, 28, 30, 32, 35], "summary": {"covered_lines": 5, "num_statements": 5, "percent_covered": 100.0, "percent_covered_display": "100", "missing_lines": 0, "excluded_lines": 0}, "missing_lines": [], "excluded_lines": []}, "Alert": {"executed_lines": [61, 62, 63, 64, 65, 66, 69], "summary": {"covered_lines": 7, "num_statements": 7, "percent_covered": 100.0, "percent_covered_display": "100", "missing_lines": 0, "excluded_lines": 0}, "missing_lines": [], "excluded_lines": []}, "MetricsCollector": {"executed_lines": [90, 91, 92, 93, 94, 95, 96, 100, 101, 104, 105, 109, 112, 113, 115, 117, 118, 119, 121, 125, 130, 135, 142, 145, 146, 147, 149, 150, 153, 159, 160, 163, 164, 166, 167, 169, 170, 177, 187, 188, 198, 199, 200, 201, 203, 211, 221, 222, 223, 224, 225, 233, 238, 239, 240, 241, 242, 243, 244, 245, 247, 248, 251, 252, 253, 254, 255, 258, 261, 262, 263, 265, 285, 286, 287, 288, 289], "summary": {"covered_lines": 77, "num_statements": 88, "percent_covered": 87.5, "percent_covered_display": "88", "missing_lines": 11, "excluded_lines": 0}, "missing_lines": [122, 131, 132, 136, 137, 154, 155, 178, 189, 204, 212], "excluded_lines": []}, "": {"executed_lines": [2, 5, 6, 7, 8, 9, 10, 11, 13, 15, 17, 21, 22, 24, 34, 44, 47, 54, 57, 58, 60, 68, 81, 82, 85, 87, 89, 98, 107, 139, 157, 235, 283, 293, 296, 303, 305, 308, 311, 312, 313, 319, 320, 321, 323, 328, 329, 336, 342, 343, 344, 345, 350, 360, 361, 362, 363, 364, 365, 374, 375, 376, 378, 387, 388, 390, 391, 393, 394, 395, 397, 400, 401, 414, 417, 418, 424, 431, 432, 447, 449, 450, 451, 453, 455, 458, 464, 465, 467, 468, 473, 474, 531, 532, 567, 568, 587, 588], "summary": {"covered_lines": 94, "num_statements": 146, "percent_covered": 64.38356164383562, "percent_covered_display": "64", "missing_lines": 52, "excluded_lines": 0}, "missing_lines": [298, 314, 315, 316, 351, 352, 353, 357, 366, 367, 371, 377, 379, 380, 384, 452, 454, 456, 480, 483, 486, 487, 489, 490, 491, 494, 495, 497, 509, 514, 515, 516, 517, 518, 519, 521, 539, 542, 543, 546, 547, 548, 551, 552, 554, 575, 578, 579, 581, 590, 593, 595], "excluded_lines": []}}}, "app/api/v1/endpoints/monitors.py": {"executed_lines": [2, 5, 6, 7, 8, 9, 10, 11, 13, 14, 15, 19, 24, 25, 26, 27, 37, 39, 42, 43, 53, 57, 60, 64, 65, 72, 78, 79, 133, 134, 135, 155, 156, 157, 187, 188, 189, 212, 213, 214, 274, 275, 276, 328, 329, 330], "summary": {"covered_lines": 45, "num_statements": 134, "percent_covered": 33.582089552238806, "percent_covered_display": "34", "missing_lines": 89, "excluded_lines": 0}, "missing_lines": [58, 61, 66, 68, 69, 70, 87, 89, 97, 98, 99, 100, 102, 119, 120, 121, 124, 127, 128, 130, 141, 144, 146, 147, 152, 164, 167, 169, 170, 176, 177, 178, 180, 181, 182, 184, 195, 198, 200, 201, 206, 207, 209, 220, 223, 225, 226, 231, 232, 238, 240, 242, 245, 255, 258, 259, 260, 262, 267, 268, 282, 285, 287, 288, 294, 296, 298, 301, 304, 305, 306, 308, 313, 314, 318, 319, 321, 339, 342, 344, 345, 351, 354, 355, 356, 358, 359, 360, 362], "excluded_lines": [], "functions": {"get_monitors": {"executed_lines": [53, 57, 60, 64, 65, 72], "summary": {"covered_lines": 6, "num_statements": 12, "percent_covered": 50.0, "percent_covered_display": "50", "missing_lines": 6, "excluded_lines": 0}, "missing_lines": [58, 61, 66, 68, 69, 70], "excluded_lines": []}, "create_monitor": {"executed_lines": [], "summary": {"covered_lines": 0, "num_statements": 14, "percent_covered": 0.0, "percent_covered_display": "0", "missing_lines": 14, "excluded_lines": 0}, "missing_lines": [87, 89, 97, 98, 99, 100, 102, 119, 120, 121, 124, 127, 128, 130], "excluded_lines": []}, "get_monitor": {"executed_lines": [], "summary": {"covered_lines": 0, "num_statements": 5, "percent_covered": 0.0, "percent_covered_display": "0", "missing_lines": 5, "excluded_lines": 0}, "missing_lines": [141, 144, 146, 147, 152], "excluded_lines": []}, "update_monitor": {"executed_lines": [], "summary": {"covered_lines": 0, "num_statements": 11, "percent_covered": 0.0, "percent_covered_display": "0", "missing_lines": 11, "excluded_lines": 0}, "missing_lines": [164, 167, 169, 170, 176, 177, 178, 180, 181, 182, 184], "excluded_lines": []}, "delete_monitor": {"executed_lines": [], "summary": {"covered_lines": 0, "num_statements": 7, "percent_covered": 0.0, "percent_covered_display": "0", "missing_lines": 7, "excluded_lines": 0}, "missing_lines": [195, 198, 200, 201, 206, 207, 209], "excluded_lines": []}, "start_monitor": {"executed_lines": [], "summary": {"covered_lines": 0, "num_statements": 17, "percent_covered": 0.0, "percent_covered_display": "0", "missing_lines": 17, "excluded_lines": 0}, "missing_lines": [220, 223, 225, 226, 231, 232, 238, 240, 242, 245, 255, 258, 259, 260, 262, 267, 268], "excluded_lines": []}, "stop_monitor": {"executed_lines": [], "summary": {"covered_lines": 0, "num_statements": 17, "percent_covered": 0.0, "percent_covered_display": "0", "missing_lines": 17, "excluded_lines": 0}, "missing_lines": [282, 285, 287, 288, 294, 296, 298, 301, 304, 305, 306, 308, 313, 314, 318, 319, 321], "excluded_lines": []}, "get_monitor_logs": {"executed_lines": [], "summary": {"covered_lines": 0, "num_statements": 12, "percent_covered": 0.0, "percent_covered_display": "0", "missing_lines": 12, "excluded_lines": 0}, "missing_lines": [339, 342, 344, 345, 351, 354, 355, 356, 358, 359, 360, 362], "excluded_lines": []}, "": {"executed_lines": [2, 5, 6, 7, 8, 9, 10, 11, 13, 14, 15, 19, 24, 25, 26, 27, 37, 39, 42, 43, 78, 79, 133, 134, 135, 155, 156, 157, 187, 188, 189, 212, 213, 214, 274, 275, 276, 328, 329, 330], "summary": {"covered_lines": 39, "num_statements": 39, "percent_covered": 100.0, "percent_covered_display": "100", "missing_lines": 0, "excluded_lines": 0}, "missing_lines": [], "excluded_lines": []}}, "classes": {"": {"executed_lines": [2, 5, 6, 7, 8, 9, 10, 11, 13, 14, 15, 19, 24, 25, 26, 27, 37, 39, 42, 43, 53, 57, 60, 64, 65, 72, 78, 79, 133, 134, 135, 155, 156, 157, 187, 188, 189, 212, 213, 214, 274, 275, 276, 328, 329, 330], "summary": {"covered_lines": 45, "num_statements": 134, "percent_covered": 33.582089552238806, "percent_covered_display": "34", "missing_lines": 89, "excluded_lines": 0}, "missing_lines": [58, 61, 66, 68, 69, 70, 87, 89, 97, 98, 99, 100, 102, 119, 120, 121, 124, 127, 128, 130, 141, 144, 146, 147, 152, 164, 167, 169, 170, 176, 177, 178, 180, 181, 182, 184, 195, 198, 200, 201, 206, 207, 209, 220, 223, 225, 226, 231, 232, 238, 240, 242, 245, 255, 258, 259, 260, 262, 267, 268, 282, 285, 287, 288, 294, 296, 298, 301, 304, 305, 306, 308, 313, 314, 318, 319, 321, 339, 342, 344, 345, 351, 354, 355, 356, 358, 359, 360, 362], "excluded_lines": []}}}, "app/api/v1/endpoints/orders.py": {"executed_lines": [2, 5, 6, 7, 8, 9, 10, 12, 13, 14, 15, 16, 21, 22, 23, 24, 31, 32, 33, 40, 42, 45, 48, 49, 60, 62, 63, 64, 65, 66, 70, 71, 97, 98, 106, 122, 123, 124, 128, 131, 133, 134, 137, 138, 199, 200, 205, 208, 220, 253, 254, 255, 262, 264, 275, 276, 277, 284, 286, 306, 307, 429, 430], "summary": {"covered_lines": 62, "num_statements": 180, "percent_covered": 34.44444444444444, "percent_covered_display": "34", "missing_lines": 118, "excluded_lines": 0}, "missing_lines": [67, 72, 75, 83, 84, 86, 87, 89, 108, 116, 117, 118, 119, 135, 143, 144, 149, 150, 153, 161, 162, 163, 164, 166, 167, 172, 173, 175, 185, 186, 187, 190, 193, 194, 196, 211, 214, 223, 239, 241, 267, 269, 270, 272, 289, 291, 292, 294, 295, 297, 298, 299, 301, 303, 350, 351, 352, 353, 356, 357, 358, 359, 361, 362, 365, 368, 369, 370, 371, 373, 374, 379, 380, 383, 384, 386, 396, 397, 399, 404, 406, 407, 412, 415, 416, 418, 419, 421, 460, 461, 462, 465, 466, 468, 471, 474, 476, 477, 482, 483, 486, 487, 492, 493, 495, 496, 501, 502, 505, 506, 507, 509, 513, 515, 516, 521, 524, 526], "excluded_lines": [], "functions": {"get_orders": {"executed_lines": [60, 62, 63, 64, 65, 66, 70, 71], "summary": {"covered_lines": 8, "num_statements": 16, "percent_covered": 50.0, "percent_covered_display": "50", "missing_lines": 8, "excluded_lines": 0}, "missing_lines": [67, 72, 75, 83, 84, 86, 87, 89], "excluded_lines": []}, "create_order": {"executed_lines": [106, 122, 123, 124, 128, 131, 133, 134, 137, 138], "summary": {"covered_lines": 10, "num_statements": 37, "percent_covered": 27.027027027027028, "percent_covered_display": "27", "missing_lines": 27, "excluded_lines": 0}, "missing_lines": [108, 116, 117, 118, 119, 135, 143, 144, 149, 150, 153, 161, 162, 163, 164, 166, 167, 172, 173, 175, 185, 186, 187, 190, 193, 194, 196], "excluded_lines": []}, "get_order_statistics": {"executed_lines": [205, 208, 220], "summary": {"covered_lines": 3, "num_statements": 8, "percent_covered": 37.5, "percent_covered_display": "38", "missing_lines": 5, "excluded_lines": 0}, "missing_lines": [211, 214, 223, 239, 241], "excluded_lines": []}, "get_order": {"executed_lines": [262, 264], "summary": {"covered_lines": 2, "num_statements": 6, "percent_covered": 33.333333333333336, "percent_covered_display": "33", "missing_lines": 4, "excluded_lines": 0}, "missing_lines": [267, 269, 270, 272], "excluded_lines": []}, "cancel_order": {"executed_lines": [284, 286], "summary": {"covered_lines": 2, "num_statements": 12, "percent_covered": 16.666666666666668, "percent_covered_display": "17", "missing_lines": 10, "excluded_lines": 0}, "missing_lines": [289, 291, 292, 294, 295, 297, 298, 299, 301, 303], "excluded_lines": []}, "create_orders_batch": {"executed_lines": [], "summary": {"covered_lines": 0, "num_statements": 34, "percent_covered": 0.0, "percent_covered_display": "0", "missing_lines": 34, "excluded_lines": 0}, "missing_lines": [350, 351, 352, 353, 356, 357, 358, 359, 361, 362, 365, 368, 369, 370, 371, 373, 374, 379, 380, 383, 384, 386, 396, 397, 399, 404, 406, 407, 412, 415, 416, 418, 419, 421], "excluded_lines": []}, "cancel_orders_batch": {"executed_lines": [], "summary": {"covered_lines": 0, "num_statements": 30, "percent_covered": 0.0, "percent_covered_display": "0", "missing_lines": 30, "excluded_lines": 0}, "missing_lines": [460, 461, 462, 465, 466, 468, 471, 474, 476, 477, 482, 483, 486, 487, 492, 493, 495, 496, 501, 502, 505, 506, 507, 509, 513, 515, 516, 521, 524, 526], "excluded_lines": []}, "": {"executed_lines": [2, 5, 6, 7, 8, 9, 10, 12, 13, 14, 15, 16, 21, 22, 23, 24, 31, 32, 33, 40, 42, 45, 48, 49, 97, 98, 199, 200, 253, 254, 255, 275, 276, 277, 306, 307, 429, 430], "summary": {"covered_lines": 37, "num_statements": 37, "percent_covered": 100.0, "percent_covered_display": "100", "missing_lines": 0, "excluded_lines": 0}, "missing_lines": [], "excluded_lines": []}}, "classes": {"": {"executed_lines": [2, 5, 6, 7, 8, 9, 10, 12, 13, 14, 15, 16, 21, 22, 23, 24, 31, 32, 33, 40, 42, 45, 48, 49, 60, 62, 63, 64, 65, 66, 70, 71, 97, 98, 106, 122, 123, 124, 128, 131, 133, 134, 137, 138, 199, 200, 205, 208, 220, 253, 254, 255, 262, 264, 275, 276, 277, 284, 286, 306, 307, 429, 430], "summary": {"covered_lines": 62, "num_statements": 180, "percent_covered": 34.44444444444444, "percent_covered_display": "34", "missing_lines": 118, "excluded_lines": 0}, "missing_lines": [67, 72, 75, 83, 84, 86, 87, 89, 108, 116, 117, 118, 119, 135, 143, 144, 149, 150, 153, 161, 162, 163, 164, 166, 167, 172, 173, 175, 185, 186, 187, 190, 193, 194, 196, 211, 214, 223, 239, 241, 267, 269, 270, 272, 289, 291, 292, 294, 295, 297, 298, 299, 301, 303, 350, 351, 352, 353, 356, 357, 358, 359, 361, 362, 365, 368, 369, 370, 371, 373, 374, 379, 380, 383, 384, 386, 396, 397, 399, 404, 406, 407, 412, 415, 416, 418, 419, 421, 460, 461, 462, 465, 466, 468, 471, 474, 476, 477, 482, 483, 486, 487, 492, 493, 495, 496, 501, 502, 505, 506, 507, 509, 513, 515, 516, 521, 524, 526], "excluded_lines": []}}}, "app/api/v1/endpoints/stats.py": {"executed_lines": [2, 5, 6, 7, 8, 9, 11, 12, 13, 14, 15, 16, 17, 18, 29, 32, 33, 39, 84, 85, 144, 145, 195, 196, 202, 204, 205, 206, 207, 210, 213, 338, 339, 372, 373, 379], "summary": {"covered_lines": 35, "num_statements": 92, "percent_covered": 38.04347826086956, "percent_covered_display": "38", "missing_lines": 57, "excluded_lines": 0}, "missing_lines": [42, 45, 48, 51, 60, 63, 66, 71, 73, 92, 93, 99, 102, 108, 116, 124, 131, 152, 155, 157, 158, 161, 164, 171, 180, 189, 222, 231, 232, 234, 243, 252, 261, 262, 264, 273, 282, 291, 292, 294, 303, 311, 319, 320, 322, 330, 345, 351, 354, 359, 364, 380, 381, 382, 383, 390, 401], "excluded_lines": [], "functions": {"get_overall_stats": {"executed_lines": [39], "summary": {"covered_lines": 1, "num_statements": 10, "percent_covered": 10.0, "percent_covered_display": "10", "missing_lines": 9, "excluded_lines": 0}, "missing_lines": [42, 45, 48, 51, 60, 63, 66, 71, 73], "excluded_lines": []}, "get_user_stats": {"executed_lines": [], "summary": {"covered_lines": 0, "num_statements": 8, "percent_covered": 0.0, "percent_covered_display": "0", "missing_lines": 8, "excluded_lines": 0}, "missing_lines": [92, 93, 99, 102, 108, 116, 124, 131], "excluded_lines": []}, "get_trade_stats": {"executed_lines": [], "summary": {"covered_lines": 0, "num_statements": 9, "percent_covered": 0.0, "percent_covered_display": "0", "missing_lines": 9, "excluded_lines": 0}, "missing_lines": [152, 155, 157, 158, 161, 164, 171, 180, 189], "excluded_lines": []}, "get_profit_stats": {"executed_lines": [202, 204, 205, 206, 207, 210, 213], "summary": {"covered_lines": 7, "num_statements": 27, "percent_covered": 25.925925925925927, "percent_covered_display": "26", "missing_lines": 20, "excluded_lines": 0}, "missing_lines": [222, 231, 232, 234, 243, 252, 261, 262, 264, 273, 282, 291, 292, 294, 303, 311, 319, 320, 322, 330], "excluded_lines": []}, "get_inventory_value": {"executed_lines": [], "summary": {"covered_lines": 0, "num_statements": 5, "percent_covered": 0.0, "percent_covered_display": "0", "missing_lines": 5, "excluded_lines": 0}, "missing_lines": [345, 351, 354, 359, 364], "excluded_lines": []}, "get_dashboard_stats": {"executed_lines": [379], "summary": {"covered_lines": 1, "num_statements": 7, "percent_covered": 14.285714285714286, "percent_covered_display": "14", "missing_lines": 6, "excluded_lines": 0}, "missing_lines": [380, 381, 382, 383, 390, 401], "excluded_lines": []}, "": {"executed_lines": [2, 5, 6, 7, 8, 9, 11, 12, 13, 14, 15, 16, 17, 18, 29, 32, 33, 84, 85, 144, 145, 195, 196, 338, 339, 372, 373], "summary": {"covered_lines": 26, "num_statements": 26, "percent_covered": 100.0, "percent_covered_display": "100", "missing_lines": 0, "excluded_lines": 0}, "missing_lines": [], "excluded_lines": []}}, "classes": {"": {"executed_lines": [2, 5, 6, 7, 8, 9, 11, 12, 13, 14, 15, 16, 17, 18, 29, 32, 33, 39, 84, 85, 144, 145, 195, 196, 202, 204, 205, 206, 207, 210, 213, 338, 339, 372, 373, 379], "summary": {"covered_lines": 35, "num_statements": 92, "percent_covered": 38.04347826086956, "percent_covered_display": "38", "missing_lines": 57, "excluded_lines": 0}, "missing_lines": [42, 45, 48, 51, 60, 63, 66, 71, 73, 92, 93, 99, 102, 108, 116, 124, 131, 152, 155, 157, 158, 161, 164, 171, 180, 189, 222, 231, 232, 234, 243, 252, 261, 262, 264, 273, 282, 291, 292, 294, 303, 311, 319, 320, 322, 330, 345, 351, 354, 359, 364, 380, 381, 382, 383, 390, 401], "excluded_lines": []}}}, "app/api/v2/__init__.py": {"executed_lines": [2, 6, 7, 8, 9, 10, 12, 13, 14, 15, 16, 18, 20, 25, 26, 27, 28, 29, 30, 31, 32, 33, 34, 35, 36, 37, 40, 41, 42, 43, 44, 45, 46, 49, 50, 51, 52, 55, 56, 57, 58, 59, 60, 65, 66, 85, 87, 90, 94, 98, 102, 103, 120, 141, 142, 177, 178, 226, 227, 232, 233, 234, 237, 278, 279, 329, 330, 340, 341, 343, 344, 345, 346, 347, 348], "summary": {"covered_lines": 70, "num_statements": 127, "percent_covered": 55.118110236220474, "percent_covered_display": "55", "missing_lines": 57, "excluded_lines": 0}, "missing_lines": [91, 95, 99, 104, 107, 108, 109, 111, 114, 115, 117, 118, 155, 156, 159, 160, 161, 163, 164, 165, 166, 169, 196, 198, 200, 201, 203, 204, 206, 207, 209, 210, 213, 214, 216, 217, 219, 241, 244, 248, 251, 255, 257, 261, 263, 286, 287, 288, 291, 294, 298, 301, 305, 308, 312, 314, 332], "excluded_lines": [], "functions": {"get_items_v2": {"executed_lines": [85, 87, 90, 94, 98, 102, 103, 120], "summary": {"covered_lines": 8, "num_statements": 20, "percent_covered": 40.0, "percent_covered_display": "40", "missing_lines": 12, "excluded_lines": 0}, "missing_lines": [91, 95, 99, 104, 107, 108, 109, 111, 114, 115, 117, 118], "excluded_lines": []}, "batch_operate_items": {"executed_lines": [], "summary": {"covered_lines": 0, "num_statements": 10, "percent_covered": 0.0, "percent_covered_display": "0", "missing_lines": 10, "excluded_lines": 0}, "missing_lines": [155, 156, 159, 160, 161, 163, 164, 165, 166, 169], "excluded_lines": []}, "get_orders_enhanced": {"executed_lines": [], "summary": {"covered_lines": 0, "num_statements": 15, "percent_covered": 0.0, "percent_covered_display": "0", "missing_lines": 15, "excluded_lines": 0}, "missing_lines": [196, 198, 200, 201, 203, 204, 206, 207, 209, 210, 213, 214, 216, 217, 219], "excluded_lines": []}, "get_stats_summary_v2": {"executed_lines": [232, 233, 234, 237], "summary": {"covered_lines": 4, "num_statements": 12, "percent_covered": 33.333333333333336, "percent_covered_display": "33", "missing_lines": 8, "excluded_lines": 0}, "missing_lines": [241, 244, 248, 251, 255, 257, 261, 263], "excluded_lines": []}, "get_realtime_stats": {"executed_lines": [], "summary": {"covered_lines": 0, "num_statements": 11, "percent_covered": 0.0, "percent_covered_display": "0", "missing_lines": 11, "excluded_lines": 0}, "missing_lines": [286, 287, 288, 291, 294, 298, 301, 305, 308, 312, 314], "excluded_lines": []}, "health_check_v2": {"executed_lines": [], "summary": {"covered_lines": 0, "num_statements": 1, "percent_covered": 0.0, "percent_covered_display": "0", "missing_lines": 1, "excluded_lines": 0}, "missing_lines": [332], "excluded_lines": []}, "": {"executed_lines": [2, 6, 7, 8, 9, 10, 12, 13, 14, 15, 16, 18, 20, 25, 26, 27, 28, 29, 30, 31, 32, 33, 34, 35, 36, 37, 40, 41, 42, 43, 44, 45, 46, 49, 50, 51, 52, 55, 56, 57, 58, 59, 60, 65, 66, 141, 142, 177, 178, 226, 227, 278, 279, 329, 330, 340, 341, 343, 344, 345, 346, 347, 348], "summary": {"covered_lines": 58, "num_statements": 58, "percent_covered": 100.0, "percent_covered_display": "100", "missing_lines": 0, "excluded_lines": 0}, "missing_lines": [], "excluded_lines": []}}, "classes": {"ItemV2": {"executed_lines": [], "summary": {"covered_lines": 0, "num_statements": 0, "percent_covered": 100.0, "percent_covered_display": "100", "missing_lines": 0, "excluded_lines": 0}, "missing_lines": [], "excluded_lines": []}, "ItemsListResponseV2": {"executed_lines": [], "summary": {"covered_lines": 0, "num_statements": 0, "percent_covered": 100.0, "percent_covered_display": "100", "missing_lines": 0, "excluded_lines": 0}, "missing_lines": [], "excluded_lines": []}, "BatchOperationRequest": {"executed_lines": [], "summary": {"covered_lines": 0, "num_statements": 0, "percent_covered": 100.0, "percent_covered_display": "100", "missing_lines": 0, "excluded_lines": 0}, "missing_lines": [], "excluded_lines": []}, "BatchOperationResponse": {"executed_lines": [], "summary": {"covered_lines": 0, "num_statements": 0, "percent_covered": 100.0, "percent_covered_display": "100", "missing_lines": 0, "excluded_lines": 0}, "missing_lines": [], "excluded_lines": []}, "": {"executed_lines": [2, 6, 7, 8, 9, 10, 12, 13, 14, 15, 16, 18, 20, 25, 26, 27, 28, 29, 30, 31, 32, 33, 34, 35, 36, 37, 40, 41, 42, 43, 44, 45, 46, 49, 50, 51, 52, 55, 56, 57, 58, 59, 60, 65, 66, 85, 87, 90, 94, 98, 102, 103, 120, 141, 142, 177, 178, 226, 227, 232, 233, 234, 237, 278, 279, 329, 330, 340, 341, 343, 344, 345, 346, 347, 348], "summary": {"covered_lines": 70, "num_statements": 127, "percent_covered": 55.118110236220474, "percent_covered_display": "55", "missing_lines": 57, "excluded_lines": 0}, "missing_lines": [91, 95, 99, 104, 107, 108, 109, 111, 114, 115, 117, 118, 155, 156, 159, 160, 161, 163, 164, 165, 166, 169, 196, 198, 200, 201, 203, 204, 206, 207, 209, 210, 213, 214, 216, 217, 219, 241, 244, 248, 251, 255, 257, 261, 263, 286, 287, 288, 291, 294, 298, 301, 305, 308, 312, 314, 332], "excluded_lines": []}}}, "app/api/v2/endpoints/__init__.py": {"executed_lines": [2], "summary": {"covered_lines": 0, "num_statements": 0, "percent_covered": 100.0, "percent_covered_display": "100", "missing_lines": 0, "excluded_lines": 0}, "missing_lines": [], "excluded_lines": [], "functions": {"": {"executed_lines": [2], "summary": {"covered_lines": 0, "num_statements": 0, "percent_covered": 100.0, "percent_covered_display": "100", "missing_lines": 0, "excluded_lines": 0}, "missing_lines": [], "excluded_lines": []}}, "classes": {"": {"executed_lines": [2], "summary": {"covered_lines": 0, "num_statements": 0, "percent_covered": 100.0, "percent_covered_display": "100", "missing_lines": 0, "excluded_lines": 0}, "missing_lines": [], "excluded_lines": []}}}, "app/api/v2/endpoints/auth.py": {"executed_lines": [2, 6, 7, 8, 9, 10, 11, 12, 13, 14, 15, 17, 18, 19, 27, 28, 29, 30, 38, 41, 43, 45, 48, 51, 52, 53, 56, 58, 61, 62, 63, 64, 66, 68, 81, 84, 85, 90, 91, 97, 128, 129, 134, 137, 178, 179, 185, 186, 187, 235, 236, 241, 242, 245, 246, 253, 254, 275, 276], "summary": {"covered_lines": 58, "num_statements": 129, "percent_covered": 44.96124031007752, "percent_covered_display": "45", "missing_lines": 71, "excluded_lines": 0}, "missing_lines": [44, 59, 69, 70, 71, 72, 73, 74, 75, 76, 77, 79, 92, 100, 101, 106, 107, 110, 111, 116, 121, 122, 123, 125, 140, 142, 143, 144, 150, 151, 157, 158, 163, 164, 169, 171, 192, 193, 198, 199, 200, 203, 206, 208, 209, 215, 216, 222, 223, 228, 250, 260, 261, 262, 263, 264, 265, 266, 267, 269, 270, 272, 284, 285, 291, 292, 293, 299, 300, 302, 304], "excluded_lines": [], "functions": {"mask_username": {"executed_lines": [43, 45], "summary": {"covered_lines": 2, "num_statements": 3, "percent_covered": 66.66666666666667, "percent_covered_display": "67", "missing_lines": 1, "excluded_lines": 0}, "missing_lines": [44], "excluded_lines": []}, "validate_password_strength": {"executed_lines": [58, 61, 62, 63, 64, 66, 68, 81], "summary": {"covered_lines": 8, "num_statements": 19, "percent_covered": 42.10526315789474, "percent_covered_display": "42", "missing_lines": 11, "excluded_lines": 0}, "missing_lines": [59, 69, 70, 71, 72, 73, 74, 75, 76, 77, 79], "excluded_lines": []}, "register": {"executed_lines": [90, 91, 97], "summary": {"covered_lines": 3, "num_statements": 15, "percent_covered": 20.0, "percent_covered_display": "20", "missing_lines": 12, "excluded_lines": 0}, "missing_lines": [92, 100, 101, 106, 107, 110, 111, 116, 121, 122, 123, 125], "excluded_lines": []}, "login": {"executed_lines": [134, 137], "summary": {"covered_lines": 2, "num_statements": 14, "percent_covered": 14.285714285714286, "percent_covered_display": "14", "missing_lines": 12, "excluded_lines": 0}, "missing_lines": [140, 142, 143, 144, 150, 151, 157, 158, 163, 164, 169, 171], "excluded_lines": []}, "refresh_token": {"executed_lines": [185, 186, 187], "summary": {"covered_lines": 3, "num_statements": 17, "percent_covered": 17.647058823529413, "percent_covered_display": "18", "missing_lines": 14, "excluded_lines": 0}, "missing_lines": [192, 193, 198, 199, 200, 203, 206, 208, 209, 215, 216, 222, 223, 228], "excluded_lines": []}, "logout": {"executed_lines": [241, 242], "summary": {"covered_lines": 2, "num_statements": 2, "percent_covered": 100.0, "percent_covered_display": "100", "missing_lines": 0, "excluded_lines": 0}, "missing_lines": [], "excluded_lines": []}, "get_current_user_info": {"executed_lines": [], "summary": {"covered_lines": 0, "num_statements": 1, "percent_covered": 0.0, "percent_covered_display": "0", "missing_lines": 1, "excluded_lines": 0}, "missing_lines": [250], "excluded_lines": []}, "update_current_user": {"executed_lines": [], "summary": {"covered_lines": 0, "num_statements": 11, "percent_covered": 0.0, "percent_covered_display": "0", "missing_lines": 11, "excluded_lines": 0}, "missing_lines": [260, 261, 262, 263, 264, 265, 266, 267, 269, 270, 272], "excluded_lines": []}, "change_password": {"executed_lines": [], "summary": {"covered_lines": 0, "num_statements": 9, "percent_covered": 0.0, "percent_covered_display": "0", "missing_lines": 9, "excluded_lines": 0}, "missing_lines": [284, 285, 291, 292, 293, 299, 300, 302, 304], "excluded_lines": []}, "": {"executed_lines": [2, 6, 7, 8, 9, 10, 11, 12, 13, 14, 15, 17, 18, 19, 27, 28, 29, 30, 38, 41, 48, 51, 52, 53, 56, 84, 85, 128, 129, 178, 179, 235, 236, 245, 246, 253, 254, 275, 276], "summary": {"covered_lines": 38, "num_statements": 38, "percent_covered": 100.0, "percent_covered_display": "100", "missing_lines": 0, "excluded_lines": 0}, "missing_lines": [], "excluded_lines": []}}, "classes": {"": {"executed_lines": [2, 6, 7, 8, 9, 10, 11, 12, 13, 14, 15, 17, 18, 19, 27, 28, 29, 30, 38, 41, 43, 45, 48, 51, 52, 53, 56, 58, 61, 62, 63, 64, 66, 68, 81, 84, 85, 90, 91, 97, 128, 129, 134, 137, 178, 179, 185, 186, 187, 235, 236, 241, 242, 245, 246, 253, 254, 275, 276], "summary": {"covered_lines": 58, "num_statements": 129, "percent_covered": 44.96124031007752, "percent_covered_display": "45", "missing_lines": 71, "excluded_lines": 0}, "missing_lines": [44, 59, 69, 70, 71, 72, 73, 74, 75, 76, 77, 79, 92, 100, 101, 106, 107, 110, 111, 116, 121, 122, 123, 125, 140, 142, 143, 144, 150, 151, 157, 158, 163, 164, 169, 171, 192, 193, 198, 199, 200, 203, 206, 208, 209, 215, 216, 222, 223, 228, 250, 260, 261, 262, 263, 264, 265, 266, 267, 269, 270, 272, 284, 285, 291, 292, 293, 299, 300, 302, 304], "excluded_lines": []}}}, "app/api/v2/endpoints/bots.py": {"executed_lines": [2, 6, 7, 8, 9, 10, 11, 13, 14, 15, 16, 17, 28, 30, 33, 34, 39, 49, 50, 56, 62, 82, 83, 112, 113, 121, 123, 126, 127, 133, 134, 141, 170, 171, 177, 194, 195, 202, 228, 229, 235, 262, 263, 347, 348, 403, 404, 436, 437, 445, 544, 545], "summary": {"covered_lines": 51, "num_statements": 201, "percent_covered": 25.37313432835821, "percent_covered_display": "25", "missing_lines": 150, "excluded_lines": 0}, "missing_lines": [45, 46, 57, 65, 67, 68, 69, 70, 71, 73, 75, 89, 95, 98, 101, 103, 124, 128, 130, 147, 148, 153, 163, 164, 165, 167, 183, 185, 186, 191, 208, 210, 211, 217, 218, 219, 221, 222, 223, 225, 241, 243, 244, 250, 251, 256, 257, 259, 269, 275, 277, 278, 283, 284, 290, 291, 297, 299, 301, 308, 310, 311, 312, 313, 314, 320, 321, 322, 323, 324, 326, 327, 329, 331, 333, 334, 335, 336, 337, 338, 339, 341, 354, 360, 362, 363, 368, 369, 375, 377, 380, 381, 382, 384, 385, 387, 389, 391, 392, 393, 394, 395, 397, 411, 417, 419, 420, 426, 427, 428, 430, 431, 433, 451, 453, 454, 461, 462, 463, 465, 468, 469, 470, 477, 483, 485, 490, 492, 503, 504, 507, 509, 510, 518, 519, 530, 536, 537, 538, 554, 560, 562, 563, 568, 570, 571, 573, 574, 575, 577], "excluded_lines": [], "functions": {"get_online_bots": {"executed_lines": [39], "summary": {"covered_lines": 1, "num_statements": 3, "percent_covered": 33.333333333333336, "percent_covered_display": "33", "missing_lines": 2, "excluded_lines": 0}, "missing_lines": [45, 46], "excluded_lines": []}, "batch_update_bot_status": {"executed_lines": [56, 62], "summary": {"covered_lines": 2, "num_statements": 11, "percent_covered": 18.181818181818183, "percent_covered_display": "18", "missing_lines": 9, "excluded_lines": 0}, "missing_lines": [57, 65, 67, 68, 69, 70, 71, 73, 75], "excluded_lines": []}, "get_bots_summary": {"executed_lines": [], "summary": {"covered_lines": 0, "num_statements": 5, "percent_covered": 0.0, "percent_covered_display": "0", "missing_lines": 5, "excluded_lines": 0}, "missing_lines": [89, 95, 98, 101, 103], "excluded_lines": []}, "get_bots": {"executed_lines": [121, 123, 126, 127], "summary": {"covered_lines": 4, "num_statements": 7, "percent_covered": 57.142857142857146, "percent_covered_display": "57", "missing_lines": 3, "excluded_lines": 0}, "missing_lines": [124, 128, 130], "excluded_lines": []}, "create_bot": {"executed_lines": [141], "summary": {"covered_lines": 1, "num_statements": 8, "percent_covered": 12.5, "percent_covered_display": "12", "missing_lines": 7, "excluded_lines": 0}, "missing_lines": [147, 148, 153, 163, 164, 165, 167], "excluded_lines": []}, "get_bot": {"executed_lines": [177], "summary": {"covered_lines": 1, "num_statements": 5, "percent_covered": 20.0, "percent_covered_display": "20", "missing_lines": 4, "excluded_lines": 0}, "missing_lines": [183, 185, 186, 191], "excluded_lines": []}, "update_bot": {"executed_lines": [202], "summary": {"covered_lines": 1, "num_statements": 11, "percent_covered": 9.090909090909092, "percent_covered_display": "9", "missing_lines": 10, "excluded_lines": 0}, "missing_lines": [208, 210, 211, 217, 218, 219, 221, 222, 223, 225], "excluded_lines": []}, "delete_bot": {"executed_lines": [235], "summary": {"covered_lines": 1, "num_statements": 9, "percent_covered": 11.11111111111111, "percent_covered_display": "11", "missing_lines": 8, "excluded_lines": 0}, "missing_lines": [241, 243, 244, 250, 251, 256, 257, 259], "excluded_lines": []}, "start_bot": {"executed_lines": [], "summary": {"covered_lines": 0, "num_statements": 34, "percent_covered": 0.0, "percent_covered_display": "0", "missing_lines": 34, "excluded_lines": 0}, "missing_lines": [269, 275, 277, 278, 283, 284, 290, 291, 297, 299, 301, 308, 310, 311, 312, 313, 314, 320, 321, 322, 323, 324, 326, 327, 329, 331, 333, 334, 335, 336, 337, 338, 339, 341], "excluded_lines": []}, "stop_bot": {"executed_lines": [], "summary": {"covered_lines": 0, "num_statements": 21, "percent_covered": 0.0, "percent_covered_display": "0", "missing_lines": 21, "excluded_lines": 0}, "missing_lines": [354, 360, 362, 363, 368, 369, 375, 377, 380, 381, 382, 384, 385, 387, 389, 391, 392, 393, 394, 395, 397], "excluded_lines": []}, "restart_bot": {"executed_lines": [], "summary": {"covered_lines": 0, "num_statements": 10, "percent_covered": 0.0, "percent_covered_display": "0", "missing_lines": 10, "excluded_lines": 0}, "missing_lines": [411, 417, 419, 420, 426, 427, 428, 430, 431, 433], "excluded_lines": []}, "get_bot_inventory": {"executed_lines": [445], "summary": {"covered_lines": 1, "num_statements": 27, "percent_covered": 3.7037037037037037, "percent_covered_display": "4", "missing_lines": 26, "excluded_lines": 0}, "missing_lines": [451, 453, 454, 461, 462, 463, 465, 468, 469, 470, 477, 483, 485, 490, 492, 503, 504, 507, 509, 510, 518, 519, 530, 536, 537, 538], "excluded_lines": []}, "get_bot_trades": {"executed_lines": [], "summary": {"covered_lines": 0, "num_statements": 11, "percent_covered": 0.0, "percent_covered_display": "0", "missing_lines": 11, "excluded_lines": 0}, "missing_lines": [554, 560, 562, 563, 568, 570, 571, 573, 574, 575, 577], "excluded_lines": []}, "": {"executed_lines": [2, 6, 7, 8, 9, 10, 11, 13, 14, 15, 16, 17, 28, 30, 33, 34, 49, 50, 82, 83, 112, 113, 133, 134, 170, 171, 194, 195, 228, 229, 262, 263, 347, 348, 403, 404, 436, 437, 544, 545], "summary": {"covered_lines": 39, "num_statements": 39, "percent_covered": 100.0, "percent_covered_display": "100", "missing_lines": 0, "excluded_lines": 0}, "missing_lines": [], "excluded_lines": []}}, "classes": {"": {"executed_lines": [2, 6, 7, 8, 9, 10, 11, 13, 14, 15, 16, 17, 28, 30, 33, 34, 39, 49, 50, 56, 62, 82, 83, 112, 113, 121, 123, 126, 127, 133, 134, 141, 170, 171, 177, 194, 195, 202, 228, 229, 235, 262, 263, 347, 348, 403, 404, 436, 437, 445, 544, 545], "summary": {"covered_lines": 51, "num_statements": 201, "percent_covered": 25.37313432835821, "percent_covered_display": "25", "missing_lines": 150, "excluded_lines": 0}, "missing_lines": [45, 46, 57, 65, 67, 68, 69, 70, 71, 73, 75, 89, 95, 98, 101, 103, 124, 128, 130, 147, 148, 153, 163, 164, 165, 167, 183, 185, 186, 191, 208, 210, 211, 217, 218, 219, 221, 222, 223, 225, 241, 243, 244, 250, 251, 256, 257, 259, 269, 275, 277, 278, 283, 284, 290, 291, 297, 299, 301, 308, 310, 311, 312, 313, 314, 320, 321, 322, 323, 324, 326, 327, 329, 331, 333, 334, 335, 336, 337, 338, 339, 341, 354, 360, 362, 363, 368, 369, 375, 377, 380, 381, 382, 384, 385, 387, 389, 391, 392, 393, 394, 395, 397, 411, 417, 419, 420, 426, 427, 428, 430, 431, 433, 451, 453, 454, 461, 462, 463, 465, 468, 469, 470, 477, 483, 485, 490, 492, 503, 504, 507, 509, 510, 518, 519, 530, 536, 537, 538, 554, 560, 562, 563, 568, 570, 571, 573, 574, 575, 577], "excluded_lines": []}}}, "app/api/v2/endpoints/inventory.py": {"executed_lines": [2, 6, 7, 8, 9, 10, 11, 13, 14, 15, 16, 17, 31, 32, 35, 36, 42, 52, 61, 62, 97, 98, 110, 112, 115, 116, 117, 119, 120, 121, 124, 125, 140, 150, 151, 157, 159, 160, 161, 162, 163, 165, 235, 236, 242, 243, 244, 246, 247, 248, 249, 277, 286, 287, 293, 294, 295, 297, 298, 299, 300, 328, 337, 338, 369, 370, 393, 394, 427, 428], "summary": {"covered_lines": 69, "num_statements": 183, "percent_covered": 37.704918032786885, "percent_covered_display": "38", "missing_lines": 114, "excluded_lines": 0}, "missing_lines": [45, 47, 54, 68, 71, 74, 79, 82, 85, 87, 113, 126, 129, 130, 131, 133, 136, 137, 138, 171, 173, 174, 175, 176, 177, 182, 184, 185, 186, 188, 191, 193, 199, 200, 202, 213, 214, 215, 216, 217, 218, 219, 221, 224, 226, 255, 257, 258, 259, 261, 262, 263, 265, 266, 267, 268, 269, 270, 272, 273, 274, 275, 306, 308, 309, 310, 312, 313, 314, 316, 317, 318, 319, 320, 321, 323, 324, 325, 326, 346, 348, 349, 351, 352, 353, 355, 356, 357, 359, 376, 382, 384, 385, 390, 401, 407, 409, 410, 416, 417, 418, 420, 421, 422, 424, 434, 440, 442, 443, 448, 449, 454, 455, 457], "excluded_lines": [], "functions": {"get_inventory_stats": {"executed_lines": [42, 52], "summary": {"covered_lines": 2, "num_statements": 5, "percent_covered": 40.0, "percent_covered_display": "40", "missing_lines": 3, "excluded_lines": 0}, "missing_lines": [45, 47, 54], "excluded_lines": []}, "get_inventory_summary": {"executed_lines": [], "summary": {"covered_lines": 0, "num_statements": 7, "percent_covered": 0.0, "percent_covered_display": "0", "missing_lines": 7, "excluded_lines": 0}, "missing_lines": [68, 71, 74, 79, 82, 85, 87], "excluded_lines": []}, "get_inventory": {"executed_lines": [110, 112, 115, 116, 117, 119, 120, 121, 124, 125, 140], "summary": {"covered_lines": 11, "num_statements": 20, "percent_covered": 55.0, "percent_covered_display": "55", "missing_lines": 9, "excluded_lines": 0}, "missing_lines": [113, 126, 129, 130, 131, 133, 136, 137, 138], "excluded_lines": []}, "sync_inventory": {"executed_lines": [157, 159, 160, 161, 162, 163, 165], "summary": {"covered_lines": 7, "num_statements": 33, "percent_covered": 21.21212121212121, "percent_covered_display": "21", "missing_lines": 26, "excluded_lines": 0}, "missing_lines": [171, 173, 174, 175, 176, 177, 182, 184, 185, 186, 188, 191, 193, 199, 200, 202, 213, 214, 215, 216, 217, 218, 219, 221, 224, 226], "excluded_lines": []}, "batch_list_items": {"executed_lines": [242, 243, 244, 246, 247, 248, 249, 277], "summary": {"covered_lines": 8, "num_statements": 25, "percent_covered": 32.0, "percent_covered_display": "32", "missing_lines": 17, "excluded_lines": 0}, "missing_lines": [255, 257, 258, 259, 261, 262, 263, 265, 266, 267, 268, 269, 270, 272, 273, 274, 275], "excluded_lines": []}, "batch_unlist_items": {"executed_lines": [293, 294, 295, 297, 298, 299, 300, 328], "summary": {"covered_lines": 8, "num_statements": 25, "percent_covered": 32.0, "percent_covered_display": "32", "missing_lines": 17, "excluded_lines": 0}, "missing_lines": [306, 308, 309, 310, 312, 313, 314, 316, 317, 318, 319, 320, 321, 323, 324, 325, 326], "excluded_lines": []}, "get_listings": {"executed_lines": [], "summary": {"covered_lines": 0, "num_statements": 10, "percent_covered": 0.0, "percent_covered_display": "0", "missing_lines": 10, "excluded_lines": 0}, "missing_lines": [346, 348, 349, 351, 352, 353, 355, 356, 357, 359], "excluded_lines": []}, "get_inventory_item": {"executed_lines": [], "summary": {"covered_lines": 0, "num_statements": 5, "percent_covered": 0.0, "percent_covered_display": "0", "missing_lines": 5, "excluded_lines": 0}, "missing_lines": [376, 382, 384, 385, 390], "excluded_lines": []}, "update_inventory_item": {"executed_lines": [], "summary": {"covered_lines": 0, "num_statements": 11, "percent_covered": 0.0, "percent_covered_display": "0", "missing_lines": 11, "excluded_lines": 0}, "missing_lines": [401, 407, 409, 410, 416, 417, 418, 420, 421, 422, 424], "excluded_lines": []}, "delete_inventory_item": {"executed_lines": [], "summary": {"covered_lines": 0, "num_statements": 9, "percent_covered": 0.0, "percent_covered_display": "0", "missing_lines": 9, "excluded_lines": 0}, "missing_lines": [434, 440, 442, 443, 448, 449, 454, 455, 457], "excluded_lines": []}, "": {"executed_lines": [2, 6, 7, 8, 9, 10, 11, 13, 14, 15, 16, 17, 31, 32, 35, 36, 61, 62, 97, 98, 150, 151, 235, 236, 286, 287, 337, 338, 369, 370, 393, 394, 427, 428], "summary": {"covered_lines": 33, "num_statements": 33, "percent_covered": 100.0, "percent_covered_display": "100", "missing_lines": 0, "excluded_lines": 0}, "missing_lines": [], "excluded_lines": []}}, "classes": {"": {"executed_lines": [2, 6, 7, 8, 9, 10, 11, 13, 14, 15, 16, 17, 31, 32, 35, 36, 42, 52, 61, 62, 97, 98, 110, 112, 115, 116, 117, 119, 120, 121, 124, 125, 140, 150, 151, 157, 159, 160, 161, 162, 163, 165, 235, 236, 242, 243, 244, 246, 247, 248, 249, 277, 286, 287, 293, 294, 295, 297, 298, 299, 300, 328, 337, 338, 369, 370, 393, 394, 427, 428], "summary": {"covered_lines": 69, "num_statements": 183, "percent_covered": 37.704918032786885, "percent_covered_display": "38", "missing_lines": 114, "excluded_lines": 0}, "missing_lines": [45, 47, 54, 68, 71, 74, 79, 82, 85, 87, 113, 126, 129, 130, 131, 133, 136, 137, 138, 171, 173, 174, 175, 176, 177, 182, 184, 185, 186, 188, 191, 193, 199, 200, 202, 213, 214, 215, 216, 217, 218, 219, 221, 224, 226, 255, 257, 258, 259, 261, 262, 263, 265, 266, 267, 268, 269, 270, 272, 273, 274, 275, 306, 308, 309, 310, 312, 313, 314, 316, 317, 318, 319, 320, 321, 323, 324, 325, 326, 346, 348, 349, 351, 352, 353, 355, 356, 357, 359, 376, 382, 384, 385, 390, 401, 407, 409, 410, 416, 417, 418, 420, 421, 422, 424, 434, 440, 442, 443, 448, 449, 454, 455, 457], "excluded_lines": []}}}, "app/api/v2/endpoints/monitors.py": {"executed_lines": [2, 6, 7, 8, 9, 10, 11, 13, 14, 15, 16, 17, 18, 27, 29, 32, 33, 70, 71, 77, 97, 98, 106, 114, 115, 141, 142, 148, 154, 179, 180, 189, 191, 194, 198, 199, 215, 216, 255, 256, 262, 279, 280, 287, 313, 314, 320, 345, 346, 384, 385, 423, 424, 564, 565], "summary": {"covered_lines": 54, "num_statements": 225, "percent_covered": 24.0, "percent_covered_display": "24", "missing_lines": 171, "excluded_lines": 0}, "missing_lines": [39, 44, 47, 51, 54, 57, 59, 80, 82, 83, 84, 85, 86, 88, 90, 116, 119, 120, 121, 123, 124, 125, 133, 151, 153, 169, 170, 171, 174, 192, 195, 200, 203, 204, 205, 207, 223, 229, 230, 235, 246, 247, 248, 250, 252, 268, 270, 271, 276, 293, 295, 296, 302, 303, 304, 306, 307, 308, 310, 326, 328, 329, 335, 339, 340, 342, 352, 358, 360, 361, 366, 367, 372, 373, 374, 376, 377, 379, 381, 391, 397, 399, 400, 405, 406, 411, 412, 413, 415, 416, 418, 420, 430, 436, 438, 439, 444, 445, 452, 453, 455, 457, 459, 460, 463, 465, 466, 468, 469, 470, 472, 474, 475, 476, 478, 480, 481, 482, 483, 484, 486, 488, 489, 490, 491, 492, 494, 496, 497, 498, 499, 500, 503, 504, 505, 506, 509, 515, 517, 520, 521, 522, 523, 524, 529, 530, 532, 533, 534, 535, 539, 544, 546, 547, 549, 554, 556, 558, 559, 561, 574, 580, 581, 587, 590, 591, 592, 595, 596, 597, 599], "excluded_lines": [], "functions": {"get_monitors_summary": {"executed_lines": [], "summary": {"covered_lines": 0, "num_statements": 7, "percent_covered": 0.0, "percent_covered_display": "0", "missing_lines": 7, "excluded_lines": 0}, "missing_lines": [39, 44, 47, 51, 54, 57, 59], "excluded_lines": []}, "toggle_all_monitors": {"executed_lines": [77], "summary": {"covered_lines": 1, "num_statements": 9, "percent_covered": 11.11111111111111, "percent_covered_display": "11", "missing_lines": 8, "excluded_lines": 0}, "missing_lines": [80, 82, 83, 84, 85, 86, 88, 90], "excluded_lines": []}, "get_monitor_alerts": {"executed_lines": [106, 114, 115], "summary": {"covered_lines": 3, "num_statements": 11, "percent_covered": 27.272727272727273, "percent_covered_display": "27", "missing_lines": 8, "excluded_lines": 0}, "missing_lines": [116, 119, 120, 121, 123, 124, 125, 133], "excluded_lines": []}, "export_monitors": {"executed_lines": [148, 154], "summary": {"covered_lines": 2, "num_statements": 8, "percent_covered": 25.0, "percent_covered_display": "25", "missing_lines": 6, "excluded_lines": 0}, "missing_lines": [151, 153, 169, 170, 171, 174], "excluded_lines": []}, "get_monitors": {"executed_lines": [189, 191, 194, 198, 199], "summary": {"covered_lines": 5, "num_statements": 12, "percent_covered": 41.666666666666664, "percent_covered_display": "42", "missing_lines": 7, "excluded_lines": 0}, "missing_lines": [192, 195, 200, 203, 204, 205, 207], "excluded_lines": []}, "create_monitor": {"executed_lines": [], "summary": {"covered_lines": 0, "num_statements": 9, "percent_covered": 0.0, "percent_covered_display": "0", "missing_lines": 9, "excluded_lines": 0}, "missing_lines": [223, 229, 230, 235, 246, 247, 248, 250, 252], "excluded_lines": []}, "get_monitor": {"executed_lines": [262], "summary": {"covered_lines": 1, "num_statements": 5, "percent_covered": 20.0, "percent_covered_display": "20", "mi
[...]
00, 201, 202, 203, 205, 208, 226, 227, 229, 230, 233, 234, 235, 236, 238, 239, 240, 241, 242, 244, 245, 248, 251, 252, 254, 255, 256, 258, 261, 281, 282, 284, 285, 288, 289, 290, 291, 293, 294, 296, 297, 299, 300, 303, 305, 308, 319, 320, 322, 323, 325, 327, 328, 329, 330, 331, 333, 334, 336, 339, 350, 351, 353, 354, 356, 357, 358, 360, 361, 362, 364, 365, 367, 368, 369, 371, 373, 378, 396, 399, 400, 401, 402, 404, 405, 406, 407, 409, 410, 412, 413, 414, 415, 417, 418, 419, 420, 421, 423, 425, 426, 427, 429, 430, 431, 432, 433, 435], "excluded_lines": []}}}, "app/utils/rate_limiter.py": {"executed_lines": [], "summary": {"covered_lines": 0, "num_statements": 131, "percent_covered": 0.0, "percent_covered_display": "0", "missing_lines": 131, "excluded_lines": 0}, "missing_lines": [6, 7, 8, 9, 10, 11, 12, 13, 14, 16, 19, 22, 24, 26, 29, 30, 31, 32, 33, 36, 37, 38, 41, 43, 46, 48, 50, 51, 53, 55, 57, 58, 61, 62, 66, 67, 70, 71, 75, 76, 78, 79, 81, 84, 85, 86, 89, 90, 91, 94, 95, 97, 99, 109, 111, 112, 115, 116, 118, 120, 121, 123, 125, 133, 134, 137, 138, 139, 141, 142, 143, 145, 147, 154, 155, 158, 160, 167, 170, 171, 172, 173, 174, 175, 176, 177, 181, 184, 187, 189, 190, 191, 194, 195, 196, 197, 198, 199, 200, 201, 202, 203, 204, 205, 206, 209, 211, 212, 226, 229, 230, 231, 233, 237, 239, 240, 241, 242, 243, 244, 245, 246, 247, 248, 249, 250, 251, 253, 255, 256, 264], "excluded_lines": [], "functions": {"RateLimiter.__init__": {"executed_lines": [], "summary": {"covered_lines": 0, "num_statements": 11, "percent_covered": 0.0, "percent_covered_display": "0", "missing_lines": 11, "excluded_lines": 0}, "missing_lines": [24, 26, 29, 30, 31, 32, 33, 36, 37, 38, 41], "excluded_lines": []}, "RateLimiter._cleanup_old_requests": {"executed_lines": [], "summary": {"covered_lines": 0, "num_statements": 1, "percent_covered": 0.0, "percent_covered_display": "0", "missing_lines": 1, "excluded_lines": 0}, "missing_lines": [46], "excluded_lines": []}, "RateLimiter._cleanup_old_requests_async": {"executed_lines": [], "summary": {"covered_lines": 0, "num_statements": 2, "percent_covered": 0.0, "percent_covered_display": "0", "missing_lines": 2, "excluded_lines": 0}, "missing_lines": [50, 51], "excluded_lines": []}, "RateLimiter._cleanup_old_requests_unlocked": {"executed_lines": [], "summary": {"covered_lines": 0, "num_statements": 13, "percent_covered": 0.0, "percent_covered_display": "0", "missing_lines": 13, "excluded_lines": 0}, "missing_lines": [55, 57, 58, 61, 62, 66, 67, 70, 71, 75, 76, 78, 79], "excluded_lines": []}, "RateLimiter._get_client_ip": {"executed_lines": [], "summary": {"covered_lines": 0, "num_statements": 9, "percent_covered": 0.0, "percent_covered_display": "0", "missing_lines": 9, "excluded_lines": 0}, "missing_lines": [84, 85, 86, 89, 90, 91, 94, 95, 97], "excluded_lines": []}, "RateLimiter.check_rate_limit": {"executed_lines": [], "summary": {"covered_lines": 0, "num_statements": 24, "percent_covered": 0.0, "percent_covered_display": "0", "missing_lines": 24, "excluded_lines": 0}, "missing_lines": [109, 111, 112, 115, 116, 118, 120, 121, 123, 125, 133, 134, 137, 138, 139, 141, 142, 143, 145, 147, 154, 155, 158, 160], "excluded_lines": []}, "RateLimiter.set_limits": {"executed_lines": [], "summary": {"covered_lines": 0, "num_statements": 8, "percent_covered": 0.0, "percent_covered_display": "0", "missing_lines": 8, "excluded_lines": 0}, "missing_lines": [170, 171, 172, 173, 174, 175, 176, 177], "excluded_lines": []}, "RateLimitMiddleware.dispatch": {"executed_lines": [], "summary": {"covered_lines": 0, "num_statements": 24, "percent_covered": 0.0, "percent_covered_display": "0", "missing_lines": 24, "excluded_lines": 0}, "missing_lines": [189, 190, 191, 194, 195, 196, 197, 198, 199, 200, 201, 202, 203, 204, 205, 206, 209, 211, 212, 226, 229, 230, 231, 233], "excluded_lines": []}, "check_rate_limit": {"executed_lines": [], "summary": {"covered_lines": 0, "num_statements": 17, "percent_covered": 0.0, "percent_covered_display": "0", "missing_lines": 17, "excluded_lines": 0}, "missing_lines": [239, 240, 241, 242, 243, 244, 245, 246, 247, 248, 249, 250, 251, 253, 255, 256, 264], "excluded_lines": []}, "": {"executed_lines": [], "summary": {"covered_lines": 0, "num_statements": 22, "percent_covered": 0.0, "percent_covered_display": "0", "missing_lines": 22, "excluded_lines": 0}, "missing_lines": [6, 7, 8, 9, 10, 11, 12, 13, 14, 16, 19, 22, 43, 48, 53, 81, 99, 167, 181, 184, 187, 237], "excluded_lines": []}}, "classes": {"RateLimiter": {"executed_lines": [], "summary": {"covered_lines": 0, "num_statements": 68, "percent_covered": 0.0, "percent_covered_display": "0", "missing_lines": 68, "excluded_lines": 0}, "missing_lines": [24, 26, 29, 30, 31, 32, 33, 36, 37, 38, 41, 46, 50, 51, 55, 57, 58, 61, 62, 66, 67, 70, 71, 75, 76, 78, 79, 84, 85, 86, 89, 90, 91, 94, 95, 97, 109, 111, 112, 115, 116, 118, 120, 121, 123, 125, 133, 134, 137, 138, 139, 141, 142, 143, 145, 147, 154, 155, 158, 160, 170, 171, 172, 173, 174, 175, 176, 177], "excluded_lines": []}, "RateLimitMiddleware": {"executed_lines": [], "summary": {"covered_lines": 0, "num_statements": 24, "percent_covered": 0.0, "percent_covered_display": "0", "missing_lines": 24, "excluded_lines": 0}, "missing_lines": [189, 190, 191, 194, 195, 196, 197, 198, 199, 200, 201, 202, 203, 204, 205, 206, 209, 211, 212, 226, 229, 230, 231, 233], "excluded_lines": []}, "": {"executed_lines": [], "summary": {"covered_lines": 0, "num_statements": 39, "percent_covered": 0.0, "percent_covered_display": "0", "missing_lines": 39, "excluded_lines": 0}, "missing_lines": [6, 7, 8, 9, 10, 11, 12, 13, 14, 16, 19, 22, 43, 48, 53, 81, 99, 167, 181, 184, 187, 237, 239, 240, 241, 242, 243, 244, 245, 246, 247, 248, 249, 250, 251, 253, 255, 256, 264], "excluded_lines": []}}}, "app/utils/steam.py": {"executed_lines": [2, 5, 6, 9, 31, 50, 66, 71], "summary": {"covered_lines": 7, "num_statements": 39, "percent_covered": 17.94871794871795, "percent_covered_display": "18", "missing_lines": 32, "excluded_lines": 0}, "missing_lines": [11, 12, 15, 18, 19, 22, 23, 24, 25, 26, 28, 33, 34, 37, 38, 39, 40, 41, 42, 43, 44, 45, 47, 52, 53, 56, 57, 60, 61, 63, 68, 73], "excluded_lines": [], "functions": {"parse_steam_id": {"executed_lines": [], "summary": {"covered_lines": 0, "num_statements": 11, "percent_covered": 0.0, "percent_covered_display": "0", "missing_lines": 11, "excluded_lines": 0}, "missing_lines": [11, 12, 15, 18, 19, 22, 23, 24, 25, 26, 28], "excluded_lines": []}, "format_steam_id": {"executed_lines": [], "summary": {"covered_lines": 0, "num_statements": 12, "percent_covered": 0.0, "percent_covered_display": "0", "missing_lines": 12, "excluded_lines": 0}, "missing_lines": [33, 34, 37, 38, 39, 40, 41, 42, 43, 44, 45, 47], "excluded_lines": []}, "validate_steam_id": {"executed_lines": [], "summary": {"covered_lines": 0, "num_statements": 7, "percent_covered": 0.0, "percent_covered_display": "0", "missing_lines": 7, "excluded_lines": 0}, "missing_lines": [52, 53, 56, 57, 60, 61, 63], "excluded_lines": []}, "get_steam_community_url": {"executed_lines": [], "summary": {"covered_lines": 0, "num_statements": 1, "percent_covered": 0.0, "percent_covered_display": "0", "missing_lines": 1, "excluded_lines": 0}, "missing_lines": [68], "excluded_lines": []}, "get_steam_inventory_url": {"executed_lines": [], "summary": {"covered_lines": 0, "num_statements": 1, "percent_covered": 0.0, "percent_covered_display": "0", "missing_lines": 1, "excluded_lines": 0}, "missing_lines": [73], "excluded_lines": []}, "": {"executed_lines": [2, 5, 6, 9, 31, 50, 66, 71], "summary": {"covered_lines": 7, "num_statements": 7, "percent_covered": 100.0, "percent_covered_display": "100", "missing_lines": 0, "excluded_lines": 0}, "missing_lines": [], "excluded_lines": []}}, "classes": {"": {"executed_lines": [2, 5, 6, 9, 31, 50, 66, 71], "summary": {"covered_lines": 7, "num_statements": 39, "percent_covered": 17.94871794871795, "percent_covered_display": "18", "missing_lines": 32, "excluded_lines": 0}, "missing_lines": [11, 12, 15, 18, 19, 22, 23, 24, 25, 26, 28, 33, 34, 37, 38, 39, 40, 41, 42, 43, 44, 45, 47, 52, 53, 56, 57, 60, 61, 63, 68, 73], "excluded_lines": []}}}, "app/utils/validators.py": {"executed_lines": [2, 5, 6, 7, 8, 9, 10, 14, 15, 16, 17, 18, 19, 20, 21, 22, 23, 28, 43, 44, 46, 50, 53, 54, 55, 56, 58, 61, 75, 76, 77, 81, 82, 85, 86, 87, 88, 90, 93, 107, 108, 110, 113, 114, 116, 119, 132, 138, 139, 141, 142, 144, 147, 160, 161, 162, 166, 169, 170, 172, 175, 189, 190, 192, 195, 196, 197, 198, 200, 203, 216, 217, 219, 221, 222, 223, 224, 227, 228, 230, 233, 246, 247, 249, 251, 255, 256, 257, 259, 262, 275, 276, 278, 279, 280, 284, 285, 286, 287, 289, 291, 292, 294, 297, 312, 315, 317, 318, 320, 323, 336, 337, 339, 342, 343, 345, 348, 362, 363, 365, 366, 368, 369, 370, 373, 378, 379, 381, 382, 383, 392, 405, 408, 409, 412, 413, 416, 417, 420, 421, 422, 423, 424, 426, 429, 442, 444, 445, 447, 448, 450, 451, 453], "summary": {"covered_lines": 151, "num_statements": 170, "percent_covered": 88.82352941176471, "percent_covered_display": "89", "missing_lines": 19, "excluded_lines": 0}, "missing_lines": [47, 78, 79, 111, 133, 134, 135, 136, 163, 164, 167, 193, 252, 281, 313, 371, 385, 386, 387], "excluded_lines": [], "functions": {"validate_price": {"executed_lines": [43, 44, 46, 50, 53, 54, 55, 56, 58], "summary": {"covered_lines": 9, "num_statements": 10, "percent_covered": 90.0, "percent_covered_display": "90", "missing_lines": 1, "excluded_lines": 0}, "missing_lines": [47], "excluded_lines": []}, "validate_quantity": {"executed_lines": [75, 76, 77, 81, 82, 85, 86, 87, 88, 90], "summary": {"covered_lines": 10, "num_statements": 12, "percent_covered": 83.33333333333333, "percent_covered_display": "83", "missing_lines": 2, "excluded_lines": 0}, "missing_lines": [78, 79], "excluded_lines": []}, "validate_item_id": {"executed_lines": [107, 108, 110, 113, 114, 116], "summary": {"covered_lines": 6, "num_statements": 7, "percent_covered": 85.71428571428571, "percent_covered_display": "86", "missing_lines": 1, "excluded_lines": 0}, "missing_lines": [111], "excluded_lines": []}, "validate_user_id": {"executed_lines": [132, 138, 139, 141, 142, 144], "summary": {"covered_lines": 6, "num_statements": 10, "percent_covered": 60.0, "percent_covered_display": "60", "missing_lines": 4, "excluded_lines": 0}, "missing_lines": [133, 134, 135, 136], "excluded_lines": []}, "validate_min_profit": {"executed_lines": [160, 161, 162, 166, 169, 170, 172], "summary": {"covered_lines": 7, "num_statements": 10, "percent_covered": 70.0, "percent_covered_display": "70", "missing_lines": 3, "excluded_lines": 0}, "missing_lines": [163, 164, 167], "excluded_lines": []}, "validate_limit": {"executed_lines": [189, 190, 192, 195, 196, 197, 198, 200], "summary": {"covered_lines": 8, "num_statements": 9, "percent_covered": 88.88888888888889, "percent_covered_display": "89", "missing_lines": 1, "excluded_lines": 0}, "missing_lines": [193], "excluded_lines": []}, "validate_username": {"executed_lines": [216, 217, 219, 221, 222, 223, 224, 227, 228, 230], "summary": {"covered_lines": 10, "num_statements": 10, "percent_covered": 100.0, "percent_covered_display": "100", "missing_lines": 0, "excluded_lines": 0}, "missing_lines": [], "excluded_lines": []}, "validate_email": {"executed_lines": [246, 247, 249, 251, 255, 256, 257, 259], "summary": {"covered_lines": 8, "num_statements": 9, "percent_covered": 88.88888888888889, "percent_covered_display": "89", "missing_lines": 1, "excluded_lines": 0}, "missing_lines": [252], "excluded_lines": []}, "validate_password": {"executed_lines": [275, 276, 278, 279, 280, 284, 285, 286, 287, 289, 291, 292, 294], "summary": {"covered_lines": 13, "num_statements": 14, "percent_covered": 92.85714285714286, "percent_covered_display": "93", "missing_lines": 1, "excluded_lines": 0}, "missing_lines": [281], "excluded_lines": []}, "validate_string_length": {"executed_lines": [312, 315, 317, 318, 320], "summary": {"covered_lines": 5, "num_statements": 6, "percent_covered": 83.33333333333333, "percent_covered_display": "83", "missing_lines": 1, "excluded_lines": 0}, "missing_lines": [313], "excluded_lines": []}, "validate_order_id": {"executed_lines": [336, 337, 339, 342, 343, 345], "summary": {"covered_lines": 6, "num_statements": 6, "percent_covered": 100.0, "percent_covered_display": "100", "missing_lines": 0, "excluded_lines": 0}, "missing_lines": [], "excluded_lines": []}, "validate_pagination": {"executed_lines": [362, 363, 365, 366, 368, 369, 370, 373], "summary": {"covered_lines": 8, "num_statements": 9, "percent_covered": 88.88888888888889, "percent_covered_display": "89", "missing_lines": 1, "excluded_lines": 0}, "missing_lines": [371], "excluded_lines": []}, "ValidatedModelMixin.strip_strings": {"executed_lines": [], "summary": {"covered_lines": 0, "num_statements": 3, "percent_covered": 0.0, "percent_covered_display": "0", "missing_lines": 3, "excluded_lines": 0}, "missing_lines": [385, 386, 387], "excluded_lines": []}, "validate_order_data": {"executed_lines": [405, 408, 409, 412, 413, 416, 417, 420, 421, 422, 423, 424, 426], "summary": {"covered_lines": 13, "num_statements": 13, "percent_covered": 100.0, "percent_covered_display": "100", "missing_lines": 0, "excluded_lines": 0}, "missing_lines": [], "excluded_lines": []}, "validate_user_registration": {"executed_lines": [442, 444, 445, 447, 448, 450, 451, 453], "summary": {"covered_lines": 8, "num_statements": 8, "percent_covered": 100.0, "percent_covered_display": "100", "missing_lines": 0, "excluded_lines": 0}, "missing_lines": [], "excluded_lines": []}, "": {"executed_lines": [2, 5, 6, 7, 8, 9, 10, 14, 15, 16, 17, 18, 19, 20, 21, 22, 23, 28, 61, 93, 119, 147, 175, 203, 233, 262, 297, 323, 348, 378, 379, 381, 382, 383, 392, 429], "summary": {"covered_lines": 34, "num_statements": 34, "percent_covered": 100.0, "percent_covered_display": "100", "missing_lines": 0, "excluded_lines": 0}, "missing_lines": [], "excluded_lines": []}}, "classes": {"ValidatedModelMixin": {"executed_lines": [], "summary": {"covered_lines": 0, "num_statements": 3, "percent_covered": 0.0, "percent_covered_display": "0", "missing_lines": 3, "excluded_lines": 0}, "missing_lines": [385, 386, 387], "excluded_lines": []}, "": {"executed_lines": [2, 5, 6, 7, 8, 9, 10, 14, 15, 16, 17, 18, 19, 20, 21, 22, 23, 28, 43, 44, 46, 50, 53, 54, 55, 56, 58, 61, 75, 76, 77, 81, 82, 85, 86, 87, 88, 90, 93, 107, 108, 110, 113, 114, 116, 119, 132, 138, 139, 141, 142, 144, 147, 160, 161, 162, 166, 169, 170, 172, 175, 189, 190, 192, 195, 196, 197, 198, 200, 203, 216, 217, 219, 221, 222, 223, 224, 227, 228, 230, 233, 246, 247, 249, 251, 255, 256, 257, 259, 262, 275, 276, 278, 279, 280, 284, 285, 286, 287, 289, 291, 292, 294, 297, 312, 315, 317, 318, 320, 323, 336, 337, 339, 342, 343, 345, 348, 362, 363, 365, 366, 368, 369, 370, 373, 378, 379, 381, 382, 383, 392, 405, 408, 409, 412, 413, 416, 417, 420, 421, 422, 423, 424, 426, 429, 442, 444, 445, 447, 448, 450, 451, 453], "summary": {"covered_lines": 151, "num_statements": 167, "percent_covered": 90.41916167664671, "percent_covered_display": "90", "missing_lines": 16, "excluded_lines": 0}, "missing_lines": [47, 78, 79, 111, 133, 134, 135, 136, 163, 164, 167, 193, 252, 281, 313, 371], "excluded_lines": []}}}, "app/validators/__init__.py": {"executed_lines": [2, 5, 7], "summary": {"covered_lines": 2, "num_statements": 2, "percent_covered": 100.0, "percent_covered_display": "100", "missing_lines": 0, "excluded_lines": 0}, "missing_lines": [], "excluded_lines": [], "functions": {"": {"executed_lines": [2, 5, 7], "summary": {"covered_lines": 2, "num_statements": 2, "percent_covered": 100.0, "percent_covered_display": "100", "missing_lines": 0, "excluded_lines": 0}, "missing_lines": [], "excluded_lines": []}}, "classes": {"": {"executed_lines": [2, 5, 7], "summary": {"covered_lines": 2, "num_statements": 2, "percent_covered": 100.0, "percent_covered_display": "100", "missing_lines": 0, "excluded_lines": 0}, "missing_lines": [], "excluded_lines": []}}}, "app/validators/batch_validator.py": {"executed_lines": [2, 10, 12, 13, 14, 15, 17, 19, 22, 23, 25, 31, 32, 49, 63, 64, 65, 67, 152, 166, 167, 173, 175, 176, 181, 182, 188, 189, 191, 192, 193, 194, 195, 196, 200, 201, 202, 213, 214, 215, 216, 217, 218, 220, 221, 226, 231], "summary": {"covered_lines": 44, "num_statements": 87, "percent_covered": 50.57471264367816, "percent_covered_display": "51", "missing_lines": 43, "excluded_lines": 0}, "missing_lines": [26, 27, 28, 81, 82, 88, 90, 91, 94, 99, 100, 101, 107, 108, 110, 111, 112, 113, 114, 115, 117, 119, 120, 121, 122, 126, 127, 133, 134, 135, 136, 137, 138, 140, 141, 142, 144, 145, 150, 198, 206, 207, 247], "excluded_lines": [], "functions": {"BatchValidationError.__init__": {"executed_lines": [], "summary": {"covered_lines": 0, "num_statements": 3, "percent_covered": 0.0, "percent_covered_display": "0", "missing_lines": 3, "excluded_lines": 0}, "missing_lines": [26, 27, 28], "excluded_lines": []}, "BatchValidator.__init__": {"executed_lines": [63, 64, 65], "summary": {"covered_lines": 3, "num_statements": 3, "percent_covered": 100.0, "percent_covered_display": "100", "missing_lines": 0, "excluded_lines": 0}, "missing_lines": [], "excluded_lines": []}, "BatchValidator.validate": {"executed_lines": [], "summary": {"covered_lines": 0, "num_statements": 36, "percent_covered": 0.0, "percent_covered_display": "0", "missing_lines": 36, "excluded_lines": 0}, "missing_lines": [81, 82, 88, 90, 91, 94, 99, 100, 101, 107, 108, 110, 111, 112, 113, 114, 115, 117, 119, 120, 121, 122, 126, 127, 133, 134, 135, 136, 137, 138, 140, 141, 142, 144, 145, 150], "excluded_lines": []}, "BatchValidator.validate_sync": {"executed_lines": [166, 167, 173, 175, 176, 181, 182, 188, 189, 191, 192, 193, 194, 195, 196, 200, 201, 202, 213, 214, 215, 216, 217, 218, 220, 221, 226], "summary": {"covered_lines": 27, "num_statements": 30, "percent_covered": 90.0, "percent_covered_display": "90", "missing_lines": 3, "excluded_lines": 0}, "missing_lines": [198, 206, 207], "excluded_lines": []}, "create_batch_validator": {"executed_lines": [], "summary": {"covered_lines": 0, "num_statements": 1, "percent_covered": 0.0, "percent_covered_display": "0", "missing_lines": 1, "excluded_lines": 0}, "missing_lines": [247], "excluded_lines": []}, "": {"executed_lines": [2, 10, 12, 13, 14, 15, 17, 19, 22, 23, 25, 31, 32, 49, 67, 152, 231], "summary": {"covered_lines": 14, "num_statements": 14, "percent_covered": 100.0, "percent_covered_display": "100", "missing_lines": 0, "excluded_lines": 0}, "missing_lines": [], "excluded_lines": []}}, "classes": {"BatchValidationError": {"executed_lines": [], "summary": {"covered_lines": 0, "num_statements": 3, "percent_covered": 0.0, "percent_covered_display": "0", "missing_lines": 3, "excluded_lines": 0}, "missing_lines": [26, 27, 28], "excluded_lines": []}, "BatchValidator": {"executed_lines": [63, 64, 65, 166, 167, 173, 175, 176, 181, 182, 188, 189, 191, 192, 193, 194, 195, 196, 200, 201, 202, 213, 214, 215, 216, 217, 218, 220, 221, 226], "summary": {"covered_lines": 30, "num_statements": 69, "percent_covered": 43.47826086956522, "percent_covered_display": "43", "missing_lines": 39, "excluded_lines": 0}, "missing_lines": [81, 82, 88, 90, 91, 94, 99, 100, 101, 107, 108, 110, 111, 112, 113, 114, 115, 117, 119, 120, 121, 122, 126, 127, 133, 134, 135, 136, 137, 138, 140, 141, 142, 144, 145, 150, 198, 206, 207], "excluded_lines": []}, "": {"executed_lines": [2, 10, 12, 13, 14, 15, 17, 19, 22, 23, 25, 31, 32, 49, 67, 152, 231], "summary": {"covered_lines": 14, "num_statements": 15, "percent_covered": 93.33333333333333, "percent_covered_display": "93", "missing_lines": 1, "excluded_lines": 0}, "missing_lines": [247], "excluded_lines": []}}}}, "totals": {"covered_lines": 5810, "num_statements": 10901, "percent_covered": 53.29786258141455, "percent_covered_display": "53", "missing_lines": 5091, "excluded_lines": 0}}